Log file open, 04/11/20 15:16:22
LogWindows: Failed to load 'aqProf.dll' (GetLastError=126)
LogWindows: File 'aqProf.dll' does not exist
LogWindows: Failed to load 'VtuneApi.dll' (GetLastError=126)
LogWindows: File 'VtuneApi.dll' does not exist
LogWindows: Failed to load 'VtuneApi32e.dll' (GetLastError=126)
LogWindows: File 'VtuneApi32e.dll' does not exist
LogConsoleResponse: Display: Failed to find resolution value strings in scalability ini. Falling back to default.
LogInit: Display: Running engine for game: Pyshka_Gonka
LogPlatformFile: Not using cached read wrapper
LogTaskGraph: Started task graph with 5 named threads and 35 total threads with 3 sets of task threads.
LogStats: Stats thread started at 0.049408
LogD3D11RHI: Loaded GFSDK_Aftermath_Lib.x64.dll
LogICUInternationalization: ICU TimeZone Detection - Raw Offset: +3:00, Platform Override: ''
LogPluginManager: Mounting plugin Paper2D
LogPluginManager: Mounting plugin AISupport
LogPluginManager: Mounting plugin LightPropagationVolume
LogPluginManager: Mounting plugin ActorLayerUtilities
LogPluginManager: Mounting plugin AnimationSharing
LogPluginManager: Mounting plugin CLionSourceCodeAccess
LogPluginManager: Mounting plugin CodeLiteSourceCodeAccess
LogPluginManager: Mounting plugin GitSourceControl
LogPluginManager: Mounting plugin KDevelopSourceCodeAccess
LogPluginManager: Mounting plugin NullSourceCodeAccess
LogPluginManager: Mounting plugin PerforceSourceControl
LogPluginManager: Mounting plugin PlasticSourceControl
LogPluginManager: Mounting plugin SubversionSourceControl
LogPluginManager: Mounting plugin UObjectPlugin
LogPluginManager: Mounting plugin VisualStudioCodeSourceCodeAccess
LogPluginManager: Mounting plugin VisualStudioSourceCodeAccess
LogPluginManager: Mounting plugin XCodeSourceCodeAccess
LogPluginManager: Mounting plugin AssetManagerEditor
LogPluginManager: Mounting plugin CryptoKeys
LogPluginManager: Mounting plugin CurveEditorTools
LogPluginManager: Mounting plugin DataValidation
LogPluginManager: Mounting plugin FacialAnimation
LogPluginManager: Mounting plugin GameplayTagsEditor
LogPluginManager: Mounting plugin MacGraphicsSwitching
LogPluginManager: Mounting plugin MaterialAnalyzer
LogPluginManager: Mounting plugin MobileLauncherProfileWizard
LogPluginManager: Mounting plugin PluginBrowser
LogPluginManager: Mounting plugin SpeedTreeImporter
LogPluginManager: Mounting plugin DatasmithContent
LogPluginManager: Mounting plugin VariantManagerContent
LogPluginManager: Mounting plugin AlembicImporter
LogPluginManager: Mounting plugin AutomationUtils
LogPluginManager: Mounting plugin BackChannel
LogPluginManager: Mounting plugin CharacterAI
LogPluginManager: Mounting plugin GeometryCache
LogPluginManager: Mounting plugin PlatformCrypto
LogPluginManager: Mounting plugin ProxyLODPlugin
LogPluginManager: Mounting plugin SkeletalReduction
LogPluginManager: Mounting plugin MagicLeap
LogPluginManager: Mounting plugin MagicLeapMedia
LogPluginManager: Mounting plugin MLSDK
LogPluginManager: Mounting plugin AndroidMedia
LogPluginManager: Mounting plugin AvfMedia
LogPluginManager: Mounting plugin ImgMedia
LogPluginManager: Mounting plugin MediaCompositing
LogPluginManager: Mounting plugin MediaPlayerEditor
LogPluginManager: Mounting plugin WebMMedia
LogPluginManager: Mounting plugin WmfMedia
LogPluginManager: Mounting plugin TcpMessaging
LogPluginManager: Mounting plugin UdpMessaging
LogPluginManager: Mounting plugin ActorSequence
LogPluginManager: Mounting plugin LevelSequenceEditor
LogPluginManager: Mounting plugin MatineeToLevelSequence
LogPluginManager: Mounting plugin NetcodeUnitTest
LogPluginManager: Mounting plugin NUTUnrealEngine4
LogPluginManager: Mounting plugin OnlineSubsystemGooglePlay
LogPluginManager: Mounting plugin OnlineSubsystemIOS
LogPluginManager: Mounting plugin OnlineSubsystem
LogPluginManager: Mounting plugin OnlineSubsystemNull
LogPluginManager: Mounting plugin OnlineSubsystemUtils
LogPluginManager: Mounting plugin LauncherChunkInstaller
LogPluginManager: Mounting plugin AndroidDeviceProfileSelector
LogPluginManager: Mounting plugin AndroidMoviePlayer
LogPluginManager: Mounting plugin AndroidPermission
LogPluginManager: Mounting plugin AppleImageUtils
LogPluginManager: Mounting plugin AppleMoviePlayer
LogPluginManager: Mounting plugin ArchVisCharacter
LogPluginManager: Mounting plugin AssetTags
LogPluginManager: Mounting plugin AudioCapture
LogPluginManager: Mounting plugin CableComponent
LogPluginManager: Mounting plugin CustomMeshComponent
LogPluginManager: Mounting plugin EditableMesh
LogPluginManager: Mounting plugin ExampleDeviceProfileSelector
LogPluginManager: Mounting plugin GoogleCloudMessaging
LogPluginManager: Mounting plugin IOSDeviceProfileSelector
LogPluginManager: Mounting plugin LinuxDeviceProfileSelector
LogPluginManager: Mounting plugin LocationServicesBPLibrary
LogPluginManager: Mounting plugin MobilePatchingUtils
LogPluginManager: Mounting plugin OculusVR
LogPluginManager: Mounting plugin PhysXVehicles
LogPluginManager: Mounting plugin PostSplashScreen
LogPluginManager: Mounting plugin ProceduralMeshComponent
LogPluginManager: Mounting plugin RuntimePhysXCooking
LogPluginManager: Mounting plugin SignificanceManager
LogPluginManager: Mounting plugin SteamVR
LogPluginManager: Mounting plugin WebMMoviePlayer
LogPluginManager: Mounting plugin WindowsMoviePlayer
LogPluginManager: Mounting plugin ScreenshotTools
LogInit: Using libcurl 7.55.1-DEV
LogInit:  - built for x86_64-pc-win32
LogInit:  - supports SSL with OpenSSL/1.1.1
LogInit:  - supports HTTP deflate (compression) using libz 1.2.8
LogInit:  - other features:
LogInit:      CURL_VERSION_SSL
LogInit:      CURL_VERSION_LIBZ
LogInit:      CURL_VERSION_IPV6
LogInit:      CURL_VERSION_ASYNCHDNS
LogInit:      CURL_VERSION_LARGEFILE
LogInit:      CURL_VERSION_IDN
LogInit:  CurlRequestOptions (configurable via config and command line):
LogInit:  - bVerifyPeer = true  - Libcurl will verify peer certificate
LogInit:  - bUseHttpProxy = false  - Libcurl will NOT use HTTP proxy
LogInit:  - bDontReuseConnections = false  - Libcurl will reuse connections
LogInit:  - MaxHostConnections = 16  - Libcurl will limit the number of connections to a host
LogInit:  - LocalHostAddr = Default
LogInit:  - BufferSize = 65536
LogOnline: OSS: Creating online subsystem instance for: NULL
LogInit: WinSock: version 1.1 (2.2), MaxSocks=32767, MaxUdp=65467
LogOnline: OSS: TryLoadSubsystemAndSetDefault: Loaded subsystem for module [NULL]
LogInit: Build: ++UE4+Release-4.24-CL-11590370
LogInit: Engine Version: 4.24.3-11590370+++UE4+Release-4.24
LogInit: Compatible Engine Version: 4.24.0-10570792+++UE4+Release-4.24
LogInit: Net CL: 10570792
LogInit: OS: Windows 10 (Release 1903) (), CPU: Intel(R) Core(TM) i7-8700K CPU @ 3.70GHz, GPU: NVIDIA GeForce RTX 2070 SUPER
LogInit: Compiled (64-bit): Feb 24 2020 15:39:18
LogInit: Compiled with Visual C++: 19.16.27032.01
LogInit: Build Configuration: Development
LogInit: Branch Name: ++UE4+Release-4.24
LogInit: Command Line:  -EpicPortal -epicusername=kekstest -epicuserid=da83e59dd9f94c75a230e459df73fe24 -epiclocale=ru
LogInit: Base Directory: F:/Egu/UE_4.24/Engine/Binaries/Win64/
LogInit: Installed Engine Build: 1
LogDevObjectVersion: Number of dev versions registered: 25
LogDevObjectVersion:   Dev-Blueprints (B0D832E4-1F89-4F0D-ACCF-7EB736FD4AA2): 10
LogDevObjectVersion:   Dev-Build (E1C64328-A22C-4D53-A36C-8E866417BD8C): 0
LogDevObjectVersion:   Dev-Core (375EC13C-06E4-48FB-B500-84F0262A717E): 3
LogDevObjectVersion:   Dev-Editor (E4B068ED-F494-42E9-A231-DA0B2E46BB41): 37
LogDevObjectVersion:   Dev-Framework (CFFC743F-43B0-4480-9391-14DF171D2073): 36
LogDevObjectVersion:   Dev-Mobile (B02B49B5-BB20-44E9-A304-32B752E40360): 2
LogDevObjectVersion:   Dev-Networking (A4E4105C-59A1-49B5-A7C5-40C4547EDFEE): 0
LogDevObjectVersion:   Dev-Online (39C831C9-5AE6-47DC-9A44-9C173E1C8E7C): 0
LogDevObjectVersion:   Dev-Physics (78F01B33-EBEA-4F98-B9B4-84EACCB95AA2): 2
LogDevObjectVersion:   Dev-Platform (6631380F-2D4D-43E0-8009-CF276956A95A): 0
LogDevObjectVersion:   Dev-Rendering (12F88B9F-8875-4AFC-A67C-D90C383ABD29): 36
LogDevObjectVersion:   Dev-Sequencer (7B5AE74C-D270-4C10-A958-57980B212A5A): 11
LogDevObjectVersion:   Dev-VR (D7296918-1DD6-4BDD-9DE2-64A83CC13884): 2
LogDevObjectVersion:   Dev-LoadTimes (C2A15278-BFE7-4AFE-6C17-90FF531DF755): 1
LogDevObjectVersion:   Private-Geometry (6EACA3D4-40EC-4CC1-B786-8BED09428FC5): 3
LogDevObjectVersion:   Dev-AnimPhys (29E575DD-E0A3-4627-9D10-D276232CDCEA): 17
LogDevObjectVersion:   Dev-Anim (AF43A65D-7FD3-4947-9873-3E8ED9C1BB05): 2
LogDevObjectVersion:   Dev-ReflectionCapture (6B266CEC-1EC7-4B8F-A30B-E4D90942FC07): 1
LogDevObjectVersion:   Dev-Automation (0DF73D61-A23F-47EA-B727-89E90C41499A): 1
LogDevObjectVersion:   FortniteMain (601D1886-AC64-4F84-AA16-D3DE0DEAC7D6): 31
LogDevObjectVersion:   Dev-Enterprise (9DFFBCD6-494F-0158-E221-12823C92A888): 8
LogDevObjectVersion:   Dev-Niagara (F2AED0AC-9AFE-416F-8664-AA7FFA26D6FC): 1
LogDevObjectVersion:   Dev-Destruction (174F1F0B-B4C6-45A5-B13F-2EE8D0FB917D): 9
LogDevObjectVersion:   Dev-Physics-Ext (35F94A83-E258-406C-A318-09F59610247C): 8
LogDevObjectVersion:   Dev-CineCamera (B2E18506-4273-CFC2-A54E-F4BB758BBA07): 1
LogInit: Presizing for max 25165824 objects, including 0 objects not considered by GC, pre-allocating 0 bytes for permanent pool.
LogInit: Object subsystem initialized
LogConfig: Setting CVar [[con.DebugEarlyDefault:1]]
LogConfig: Setting CVar [[r.setres:1280x720]]
[2020.04.11-12.16.22:415][  0]LogConfig: Setting CVar [[r.VSync:0]]
[2020.04.11-12.16.22:415][  0]LogConfig: Setting CVar [[r.RHICmdBypass:0]]
[2020.04.11-12.16.22:415][  0]LogConfig: Applying CVar settings from Section [/Script/Engine.RendererSettings] File [C:/Users/Eugene/Desktop/Pyshka_Gonka/Pyshka_Gonka/Saved/Config/Windows/Engine.ini]
[2020.04.11-12.16.22:415][  0]LogConfig: Setting CVar [[r.GPUCrashDebugging:0]]
[2020.04.11-12.16.22:415][  0]LogConfig: Applying CVar settings from Section [/Script/Engine.RendererOverrideSettings] File [C:/Users/Eugene/Desktop/Pyshka_Gonka/Pyshka_Gonka/Saved/Config/Windows/Engine.ini]
[2020.04.11-12.16.22:415][  0]LogConfig: Applying CVar settings from Section [/Script/Engine.StreamingSettings] File [C:/Users/Eugene/Desktop/Pyshka_Gonka/Pyshka_Gonka/Saved/Config/Windows/Engine.ini]
[2020.04.11-12.16.22:415][  0]LogConfig: Setting CVar [[s.MinBulkDataSizeForAsyncLoading:131072]]
[2020.04.11-12.16.22:415][  0]LogConfig: Setting CVar [[s.AsyncLoadingThreadEnabled:0]]
[2020.04.11-12.16.22:415][  0]LogConfig: Setting CVar [[s.EventDrivenLoaderEnabled:1]]
[2020.04.11-12.16.22:415][  0]LogConfig: Setting CVar [[s.WarnIfTimeLimitExceeded:0]]
[2020.04.11-12.16.22:415][  0]LogConfig: Setting CVar [[s.TimeLimitExceededMultiplier:1.5]]
[2020.04.11-12.16.22:415][  0]LogConfig: Setting CVar [[s.TimeLimitExceededMinTime:0.005]]
[2020.04.11-12.16.22:415][  0]LogConfig: Setting CVar [[s.UseBackgroundLevelStreaming:1]]
[2020.04.11-12.16.22:415][  0]LogConfig: Setting CVar [[s.PriorityAsyncLoadingExtraTime:15.0]]
[2020.04.11-12.16.22:415][  0]LogConfig: Setting CVar [[s.LevelStreamingActorsUpdateTimeLimit:5.0]]
[2020.04.11-12.16.22:415][  0]LogConfig: Setting CVar [[s.PriorityLevelStreamingActorsUpdateExtraTime:5.0]]
[2020.04.11-12.16.22:415][  0]LogConfig: Setting CVar [[s.LevelStreamingComponentsRegistrationGranularity:10]]
[2020.04.11-12.16.22:415][  0]LogConfig: Setting CVar [[s.UnregisterComponentsTimeLimit:1.0]]
[2020.04.11-12.16.22:415][  0]LogConfig: Setting CVar [[s.LevelStreamingComponentsUnregistrationGranularity:5]]
[2020.04.11-12.16.22:415][  0]LogConfig: Setting CVar [[s.FlushStreamingOnExit:1]]
[2020.04.11-12.16.22:415][  0]LogConfig: Applying CVar settings from Section [/Script/Engine.GarbageCollectionSettings] File [C:/Users/Eugene/Desktop/Pyshka_Gonka/Pyshka_Gonka/Saved/Config/Windows/Engine.ini]
[2020.04.11-12.16.22:415][  0]LogConfig: Setting CVar [[gc.MaxObjectsNotConsideredByGC:1]]
[2020.04.11-12.16.22:415][  0]LogConfig: Setting CVar [[gc.SizeOfPermanentObjectPool:0]]
[2020.04.11-12.16.22:415][  0]LogConfig: Setting CVar [[gc.FlushStreamingOnGC:0]]
[2020.04.11-12.16.22:416][  0]LogConfig: Setting CVar [[gc.NumRetriesBeforeForcingGC:10]]
[2020.04.11-12.16.22:416][  0]LogConfig: Setting CVar [[gc.AllowParallelGC:1]]
[2020.04.11-12.16.22:416][  0]LogConfig: Setting CVar [[gc.TimeBetweenPurgingPendingKillObjects:61.1]]
[2020.04.11-12.16.22:416][  0]LogConfig: Setting CVar [[gc.MaxObjectsInEditor:25165824]]
[2020.04.11-12.16.22:416][  0]LogConfig: Setting CVar [[gc.IncrementalBeginDestroyEnabled:1]]
[2020.04.11-12.16.22:416][  0]LogConfig: Setting CVar [[gc.CreateGCClusters:1]]
[2020.04.11-12.16.22:416][  0]LogConfig: Setting CVar [[gc.MinGCClusterSize:5]]
[2020.04.11-12.16.22:416][  0]LogConfig: Setting CVar [[gc.ActorClusteringEnabled:0]]
[2020.04.11-12.16.22:416][  0]LogConfig: Setting CVar [[gc.BlueprintClusteringEnabled:0]]
[2020.04.11-12.16.22:416][  0]LogConfig: Setting CVar [[gc.UseDisregardForGCOnDedicatedServers:0]]
[2020.04.11-12.16.22:416][  0]LogConfig: Applying CVar settings from Section [/Script/Engine.NetworkSettings] File [C:/Users/Eugene/Desktop/Pyshka_Gonka/Pyshka_Gonka/Saved/Config/Windows/Engine.ini]
[2020.04.11-12.16.22:416][  0]LogConfig: Applying CVar settings from Section [/Script/UnrealEd.CookerSettings] File [C:/Users/Eugene/Desktop/Pyshka_Gonka/Pyshka_Gonka/Saved/Config/Windows/Engine.ini]
[2020.04.11-12.16.22:418][  0]LogConfig: Applying CVar settings from Section [ViewDistanceQuality@3] File [C:/Users/Eugene/Desktop/Pyshka_Gonka/Pyshka_Gonka/Saved/Config/Windows/Scalability.ini]
[2020.04.11-12.16.22:418][  0]LogConfig: Setting CVar [[r.SkeletalMeshLODBias:0]]
[2020.04.11-12.16.22:418][  0]LogConfig: Setting CVar [[r.ViewDistanceScale:1.0]]
[2020.04.11-12.16.22:418][  0]LogConfig: Applying CVar settings from Section [AntiAliasingQuality@3] File [C:/Users/Eugene/Desktop/Pyshka_Gonka/Pyshka_Gonka/Saved/Config/Windows/Scalability.ini]
[2020.04.11-12.16.22:418][  0]LogConfig: Setting CVar [[r.PostProcessAAQuality:4]]
[2020.04.11-12.16.22:418][  0]LogConfig: Applying CVar settings from Section [ShadowQuality@3] File [C:/Users/Eugene/Desktop/Pyshka_Gonka/Pyshka_Gonka/Saved/Config/Windows/Scalability.ini]
[2020.04.11-12.16.22:418][  0]LogConfig: Setting CVar [[r.LightFunctionQuality:1]]
[2020.04.11-12.16.22:418][  0]LogConfig: Setting CVar [[r.ShadowQuality:5]]
[2020.04.11-12.16.22:418][  0]LogConfig: Setting CVar [[r.Shadow.CSM.MaxCascades:10]]
[2020.04.11-12.16.22:418][  0]LogConfig: Setting CVar [[r.Shadow.MaxResolution:2048]]
[2020.04.11-12.16.22:418][  0]LogConfig: Setting CVar [[r.Shadow.MaxCSMResolution:2048]]
[2020.04.11-12.16.22:418][  0]LogConfig: Setting CVar [[r.Shadow.RadiusThreshold:0.01]]
[2020.04.11-12.16.22:418][  0]LogConfig: Setting CVar [[r.Shadow.DistanceScale:1.0]]
[2020.04.11-12.16.22:418][  0]LogConfig: Setting CVar [[r.Shadow.CSM.TransitionScale:1.0]]
[2020.04.11-12.16.22:418][  0]LogConfig: Setting CVar [[r.Shadow.PreShadowResolutionFactor:1.0]]
[2020.04.11-12.16.22:418][  0]LogConfig: Setting CVar [[r.DistanceFieldShadowing:1]]
[2020.04.11-12.16.22:418][  0]LogConfig: Setting CVar [[r.DistanceFieldAO:1]]
[2020.04.11-12.16.22:418][  0]LogConfig: Setting CVar [[r.AOQuality:2]]
[2020.04.11-12.16.22:418][  0]LogConfig: Setting CVar [[r.VolumetricFog:1]]
[2020.04.11-12.16.22:418][  0]LogConfig: Setting CVar [[r.VolumetricFog.GridPixelSize:8]]
[2020.04.11-12.16.22:418][  0]LogConfig: Setting CVar [[r.VolumetricFog.GridSizeZ:128]]
[2020.04.11-12.16.22:418][  0]LogConfig: Setting CVar [[r.VolumetricFog.HistoryMissSupersampleCount:4]]
[2020.04.11-12.16.22:418][  0]LogConfig: Setting CVar [[r.LightMaxDrawDistanceScale:1]]
[2020.04.11-12.16.22:418][  0]LogConfig: Setting CVar [[r.CapsuleShadows:1]]
[2020.04.11-12.16.22:418][  0]LogConfig: Applying CVar settings from Section [PostProcessQuality@3] File [C:/Users/Eugene/Desktop/Pyshka_Gonka/Pyshka_Gonka/Saved/Config/Windows/Scalability.ini]
[2020.04.11-12.16.22:418][  0]LogConfig: Setting CVar [[r.MotionBlurQuality:4]]
[2020.04.11-12.16.22:418][  0]LogConfig: Setting CVar [[r.AmbientOcclusionMipLevelFactor:0.4]]
[2020.04.11-12.16.22:418][  0]LogConfig: Setting CVar [[r.AmbientOcclusionMaxQuality:100]]
[2020.04.11-12.16.22:418][  0]LogConfig: Setting CVar [[r.AmbientOcclusionLevels:-1]]
[2020.04.11-12.16.22:418][  0]LogConfig: Setting CVar [[r.AmbientOcclusionRadiusScale:1.0]]
[2020.04.11-12.16.22:418][  0]LogConfig: Setting CVar [[r.DepthOfFieldQuality:2]]
[2020.04.11-12.16.22:418][  0]LogConfig: Setting CVar [[r.RenderTargetPoolMin:400]]
[2020.04.11-12.16.22:418][  0]LogConfig: Setting CVar [[r.LensFlareQuality:2]]
[2020.04.11-12.16.22:418][  0]LogConfig: Setting CVar [[r.SceneColorFringeQuality:1]]
[2020.04.11-12.16.22:418][  0]LogConfig: Setting CVar [[r.EyeAdaptationQuality:2]]
[2020.04.11-12.16.22:418][  0]LogConfig: Setting CVar [[r.BloomQuality:5]]
[2020.04.11-12.16.22:418][  0]LogConfig: Setting CVar [[r.FastBlurThreshold:100]]
[2020.04.11-12.16.22:418][  0]LogConfig: Setting CVar [[r.Upscale.Quality:3]]
[2020.04.11-12.16.22:418][  0]LogConfig: Setting CVar [[r.Tonemapper.GrainQuantization:1]]
[2020.04.11-12.16.22:418][  0]LogConfig: Setting CVar [[r.LightShaftQuality:1]]
[2020.04.11-12.16.22:418][  0]LogConfig: Setting CVar [[r.Filter.SizeScale:1]]
[2020.04.11-12.16.22:418][  0]LogConfig: Setting CVar [[r.Tonemapper.Quality:5]]
[2020.04.11-12.16.22:418][  0]LogConfig: Setting CVar [[r.DOF.Gather.AccumulatorQuality:1        ; higher gathering accumulator quality]]
[2020.04.11-12.16.22:418][  0]LogConfig: Setting CVar [[r.DOF.Gather.PostfilterMethod:1          ; Median3x3 postfilering method]]
[2020.04.11-12.16.22:418][  0]LogConfig: Setting CVar [[r.DOF.Gather.EnableBokehSettings:0       ; no bokeh simulation when gathering]]
[2020.04.11-12.16.22:418][  0]LogConfig: Setting CVar [[r.DOF.Gather.RingCount:4                 ; medium number of samples when gathering]]
[2020.04.11-12.16.22:418][  0]LogConfig: Setting CVar [[r.DOF.Scatter.ForegroundCompositing:1    ; additive foreground scattering]]
[2020.04.11-12.16.22:418][  0]LogConfig: Setting CVar [[r.DOF.Scatter.BackgroundCompositing:2    ; additive background scattering]]
[2020.04.11-12.16.22:418][  0]LogConfig: Setting CVar [[r.DOF.Scatter.EnableBokehSettings:1      ; bokeh simulation when scattering]]
[2020.04.11-12.16.22:418][  0]LogConfig: Setting CVar [[r.DOF.Scatter.MaxSpriteRatio:0.1         ; only a maximum of 10% of scattered bokeh]]
[2020.04.11-12.16.22:418][  0]LogConfig: Setting CVar [[r.DOF.Recombine.Quality:1                ; cheap slight out of focus]]
[2020.04.11-12.16.22:418][  0]LogConfig: Setting CVar [[r.DOF.Recombine.EnableBokehSettings:0    ; no bokeh simulation on slight out of focus]]
[2020.04.11-12.16.22:418][  0]LogConfig: Setting CVar [[r.DOF.TemporalAAQuality:1                ; more stable temporal accumulation]]
[2020.04.11-12.16.22:418][  0]LogConfig: Setting CVar [[r.DOF.Kernel.MaxForegroundRadius:0.025]]
[2020.04.11-12.16.22:418][  0]LogConfig: Setting CVar [[r.DOF.Kernel.MaxBackgroundRadius:0.025]]
[2020.04.11-12.16.22:418][  0]LogConfig: Applying CVar settings from Section [TextureQuality@3] File [C:/Users/Eugene/Desktop/Pyshka_Gonka/Pyshka_Gonka/Saved/Config/Windows/Scalability.ini]
[2020.04.11-12.16.22:418][  0]LogConfig: Setting CVar [[r.Streaming.MipBias:0]]
[2020.04.11-12.16.22:418][  0]LogConfig: Setting CVar [[r.Streaming.AmortizeCPUToGPUCopy:0]]
[2020.04.11-12.16.22:418][  0]LogConfig: Setting CVar [[r.Streaming.MaxNumTexturesToStreamPerFrame:0]]
[2020.04.11-12.16.22:418][  0]LogConfig: Setting CVar [[r.Streaming.Boost:1]]
[2020.04.11-12.16.22:418][  0]LogConfig: Setting CVar [[r.MaxAnisotropy:8]]
[2020.04.11-12.16.22:418][  0]LogConfig: Setting CVar [[r.VT.MaxAnisotropy:8]]
[2020.04.11-12.16.22:418][  0]LogConfig: Setting CVar [[r.Streaming.LimitPoolSizeToVRAM:0]]
[2020.04.11-12.16.22:418][  0]LogConfig: Setting CVar [[r.Streaming.PoolSize:1000]]
[2020.04.11-12.16.22:418][  0]LogConfig: Setting CVar [[r.Streaming.MaxEffectiveScreenSize:0]]
[2020.04.11-12.16.22:418][  0]LogConfig: Applying CVar settings from Section [EffectsQuality@3] File [C:/Users/Eugene/Desktop/Pyshka_Gonka/Pyshka_Gonka/Saved/Config/Windows/Scalability.ini]
[2020.04.11-12.16.22:418][  0]LogConfig: Setting CVar [[r.TranslucencyLightingVolumeDim:64]]
[2020.04.11-12.16.22:418][  0]LogConfig: Setting CVar [[r.RefractionQuality:2]]
[2020.04.11-12.16.22:418][  0]LogConfig: Setting CVar [[r.SSR.Quality:3]]
[2020.04.11-12.16.22:418][  0]LogConfig: Setting CVar [[r.SSR.HalfResSceneColor:0]]
[2020.04.11-12.16.22:418][  0]LogConfig: Setting CVar [[r.SceneColorFormat:4]]
[2020.04.11-12.16.22:418][  0]LogConfig: Setting CVar [[r.DetailMode:2]]
[2020.04.11-12.16.22:418][  0]LogConfig: Setting CVar [[r.TranslucencyVolumeBlur:1]]
[2020.04.11-12.16.22:418][  0]LogConfig: Setting CVar [[r.MaterialQualityLevel:1 ; High quality]]
[2020.04.11-12.16.22:418][  0]LogConfig: Setting CVar [[r.SSS.Scale:1]]
[2020.04.11-12.16.22:418][  0]LogConfig: Setting CVar [[r.SSS.SampleSet:2]]
[2020.04.11-12.16.22:418][  0]LogConfig: Setting CVar [[r.SSS.Quality:1]]
[2020.04.11-12.16.22:418][  0]LogConfig: Setting CVar [[r.SSS.HalfRes:1]]
[2020.04.11-12.16.22:418][  0]LogConfig: Setting CVar [[r.SSGI.Quality:3]]
[2020.04.11-12.16.22:418][  0]LogConfig: Setting CVar [[r.EmitterSpawnRateScale:1.0]]
[2020.04.11-12.16.22:418][  0]LogConfig: Setting CVar [[r.ParticleLightQuality:2]]
[2020.04.11-12.16.22:418][  0]LogConfig: Setting CVar [[r.SkyAtmosphere.AerialPerspectiveLUT.FastApplyOnOpaque:1 ; Always have FastSkyLUT 1 in this case to avoid wrong sky]]
[2020.04.11-12.16.22:418][  0]LogConfig: Setting CVar [[r.SkyAtmosphere.AerialPerspectiveLUT.SampleCountPerSlice:1]]
[2020.04.11-12.16.22:418][  0]LogConfig: Setting CVar [[r.SkyAtmosphere.AerialPerspectiveLUT.DepthResolution:16.0]]
[2020.04.11-12.16.22:418][  0]LogConfig: Setting CVar [[r.SkyAtmosphere.FastSkyLUT:1]]
[2020.04.11-12.16.22:418][  0]LogConfig: Setting CVar [[r.SkyAtmosphere.FastSkyLUT.SampleCountMin:4.0]]
[2020.04.11-12.16.22:418][  0]LogConfig: Setting CVar [[r.SkyAtmosphere.FastSkyLUT.SampleCountMax:32.0]]
[2020.04.11-12.16.22:418][  0]LogConfig: Setting CVar [[r.SkyAtmosphere.SampleCountMin:4.0]]
[2020.04.11-12.16.22:419][  0]LogConfig: Setting CVar [[r.SkyAtmosphere.SampleCountMax:32.0]]
[2020.04.11-12.16.22:419][  0]LogConfig: Setting CVar [[r.SkyAtmosphere.TransmittanceLUT.UseSmallFormat:0]]
[2020.04.11-12.16.22:419][  0]LogConfig: Setting CVar [[r.SkyAtmosphere.TransmittanceLUT.SampleCount:10.0]]
[2020.04.11-12.16.22:419][  0]LogConfig: Setting CVar [[r.SkyAtmosphere.MultiScatteringLUT.SampleCount:15.0]]
[2020.04.11-12.16.22:419][  0]LogConfig: Applying CVar settings from Section [FoliageQuality@3] File [C:/Users/Eugene/Desktop/Pyshka_Gonka/Pyshka_Gonka/Saved/Config/Windows/Scalability.ini]
[2020.04.11-12.16.22:419][  0]LogConfig: Setting CVar [[foliage.DensityScale:1.0]]
[2020.04.11-12.16.22:419][  0]LogConfig: Setting CVar [[grass.DensityScale:1.0]]
[2020.04.11-12.16.22:419][  0]LogConfig: Applying CVar settings from Section [ShadingQuality@3] File [C:/Users/Eugene/Desktop/Pyshka_Gonka/Pyshka_Gonka/Saved/Config/Windows/Scalability.ini]
[2020.04.11-12.16.22:419][  0]LogConfig: Setting CVar [[r.HairStrands.SkyLighting.SampleCount:16]]
[2020.04.11-12.16.22:419][  0]LogConfig: Setting CVar [[r.HairStrands.SkyLighting.JitterIntegration:0]]
[2020.04.11-12.16.22:419][  0]LogConfig: Setting CVar [[r.HairStrands.SkyAO.SampleCount:16]]
[2020.04.11-12.16.22:419][  0]LogInit: Selected Device Profile: [Windows]
[2020.04.11-12.16.22:419][  0]LogInit: Applying CVar settings loaded from the selected device profile: [Windows]
[2020.04.11-12.16.22:420][  0]LogHAL: Display: Platform has ~ 16 GB [17111031808 / 17179869184 / 16], which maps to Larger [LargestMinGB=32, LargerMinGB=12, DefaultMinGB=8, SmallerMinGB=6, SmallestMinGB=0)
[2020.04.11-12.16.22:421][  0]LogInit: Going up to parent DeviceProfile []
[2020.04.11-12.16.22:421][  0]LogConfig: Applying CVar settings from Section [ViewDistanceQuality@3] File [C:/Users/Eugene/Desktop/Pyshka_Gonka/Pyshka_Gonka/Saved/Config/Windows/Scalability.ini]
[2020.04.11-12.16.22:421][  0]LogConfig: Setting CVar [[r.SkeletalMeshLODBias:0]]
[2020.04.11-12.16.22:421][  0]LogConfig: Setting CVar [[r.ViewDistanceScale:1.0]]
[2020.04.11-12.16.22:421][  0]LogConfig: Applying CVar settings from Section [AntiAliasingQuality@3] File [C:/Users/Eugene/Desktop/Pyshka_Gonka/Pyshka_Gonka/Saved/Config/Windows/Scalability.ini]
[2020.04.11-12.16.22:421][  0]LogConfig: Setting CVar [[r.PostProcessAAQuality:4]]
[2020.04.11-12.16.22:421][  0]LogConfig: Applying CVar settings from Section [ShadowQuality@3] File [C:/Users/Eugene/Desktop/Pyshka_Gonka/Pyshka_Gonka/Saved/Config/Windows/Scalability.ini]
[2020.04.11-12.16.22:421][  0]LogConfig: Setting CVar [[r.LightFunctionQuality:1]]
[2020.04.11-12.16.22:421][  0]LogConfig: Setting CVar [[r.ShadowQuality:5]]
[2020.04.11-12.16.22:421][  0]LogConfig: Setting CVar [[r.Shadow.CSM.MaxCascades:10]]
[2020.04.11-12.16.22:421][  0]LogConfig: Setting CVar [[r.Shadow.MaxResolution:2048]]
[2020.04.11-12.16.22:421][  0]LogConfig: Setting CVar [[r.Shadow.MaxCSMResolution:2048]]
[2020.04.11-12.16.22:421][  0]LogConfig: Setting CVar [[r.Shadow.RadiusThreshold:0.01]]
[2020.04.11-12.16.22:421][  0]LogConfig: Setting CVar [[r.Shadow.DistanceScale:1.0]]
[2020.04.11-12.16.22:421][  0]LogConfig: Setting CVar [[r.Shadow.CSM.TransitionScale:1.0]]
[2020.04.11-12.16.22:421][  0]LogConfig: Setting CVar [[r.Shadow.PreShadowResolutionFactor:1.0]]
[2020.04.11-12.16.22:421][  0]LogConfig: Setting CVar [[r.DistanceFieldShadowing:1]]
[2020.04.11-12.16.22:421][  0]LogConfig: Setting CVar [[r.DistanceFieldAO:1]]
[2020.04.11-12.16.22:421][  0]LogConfig: Setting CVar [[r.AOQuality:2]]
[2020.04.11-12.16.22:421][  0]LogConfig: Setting CVar [[r.VolumetricFog:1]]
[2020.04.11-12.16.22:421][  0]LogConfig: Setting CVar [[r.VolumetricFog.GridPixelSize:8]]
[2020.04.11-12.16.22:421][  0]LogConfig: Setting CVar [[r.VolumetricFog.GridSizeZ:128]]
[2020.04.11-12.16.22:421][  0]LogConfig: Setting CVar [[r.VolumetricFog.HistoryMissSupersampleCount:4]]
[2020.04.11-12.16.22:421][  0]LogConfig: Setting CVar [[r.LightMaxDrawDistanceScale:1]]
[2020.04.11-12.16.22:421][  0]LogConfig: Setting CVar [[r.CapsuleShadows:1]]
[2020.04.11-12.16.22:421][  0]LogConfig: Applying CVar settings from Section [PostProcessQuality@3] File [C:/Users/Eugene/Desktop/Pyshka_Gonka/Pyshka_Gonka/Saved/Config/Windows/Scalability.ini]
[2020.04.11-12.16.22:421][  0]LogConfig: Setting CVar [[r.MotionBlurQuality:4]]
[2020.04.11-12.16.22:421][  0]LogConfig: Setting CVar [[r.AmbientOcclusionMipLevelFactor:0.4]]
[2020.04.11-12.16.22:421][  0]LogConfig: Setting CVar [[r.AmbientOcclusionMaxQuality:100]]
[2020.04.11-12.16.22:421][  0]LogConfig: Setting CVar [[r.AmbientOcclusionLevels:-1]]
[2020.04.11-12.16.22:421][  0]LogConfig: Setting CVar [[r.AmbientOcclusionRadiusScale:1.0]]
[2020.04.11-12.16.22:421][  0]LogConfig: Setting CVar [[r.DepthOfFieldQuality:2]]
[2020.04.11-12.16.22:421][  0]LogConfig: Setting CVar [[r.RenderTargetPoolMin:400]]
[2020.04.11-12.16.22:421][  0]LogConfig: Setting CVar [[r.LensFlareQuality:2]]
[2020.04.11-12.16.22:421][  0]LogConfig: Setting CVar [[r.SceneColorFringeQuality:1]]
[2020.04.11-12.16.22:421][  0]LogConfig: Setting CVar [[r.EyeAdaptationQuality:2]]
[2020.04.11-12.16.22:421][  0]LogConfig: Setting CVar [[r.BloomQuality:5]]
[2020.04.11-12.16.22:421][  0]LogConfig: Setting CVar [[r.FastBlurThreshold:100]]
[2020.04.11-12.16.22:421][  0]LogConfig: Setting CVar [[r.Upscale.Quality:3]]
[2020.04.11-12.16.22:421][  0]LogConfig: Setting CVar [[r.Tonemapper.GrainQuantization:1]]
[2020.04.11-12.16.22:421][  0]LogConfig: Setting CVar [[r.LightShaftQuality:1]]
[2020.04.11-12.16.22:421][  0]LogConfig: Setting CVar [[r.Filter.SizeScale:1]]
[2020.04.11-12.16.22:421][  0]LogConfig: Setting CVar [[r.Tonemapper.Quality:5]]
[2020.04.11-12.16.22:421][  0]LogConfig: Setting CVar [[r.DOF.Gather.AccumulatorQuality:1        ; higher gathering accumulator quality]]
[2020.04.11-12.16.22:421][  0]LogConfig: Setting CVar [[r.DOF.Gather.PostfilterMethod:1          ; Median3x3 postfilering method]]
[2020.04.11-12.16.22:421][  0]LogConfig: Setting CVar [[r.DOF.Gather.EnableBokehSettings:0       ; no bokeh simulation when gathering]]
[2020.04.11-12.16.22:421][  0]LogConfig: Setting CVar [[r.DOF.Gather.RingCount:4                 ; medium number of samples when gathering]]
[2020.04.11-12.16.22:421][  0]LogConfig: Setting CVar [[r.DOF.Scatter.ForegroundCompositing:1    ; additive foreground scattering]]
[2020.04.11-12.16.22:421][  0]LogConfig: Setting CVar [[r.DOF.Scatter.BackgroundCompositing:2    ; additive background scattering]]
[2020.04.11-12.16.22:421][  0]LogConfig: Setting CVar [[r.DOF.Scatter.EnableBokehSettings:1      ; bokeh simulation when scattering]]
[2020.04.11-12.16.22:421][  0]LogConfig: Setting CVar [[r.DOF.Scatter.MaxSpriteRatio:0.1         ; only a maximum of 10% of scattered bokeh]]
[2020.04.11-12.16.22:421][  0]LogConfig: Setting CVar [[r.DOF.Recombine.Quality:1                ; cheap slight out of focus]]
[2020.04.11-12.16.22:421][  0]LogConfig: Setting CVar [[r.DOF.Recombine.EnableBokehSettings:0    ; no bokeh simulation on slight out of focus]]
[2020.04.11-12.16.22:421][  0]LogConfig: Setting CVar [[r.DOF.TemporalAAQuality:1                ; more stable temporal accumulation]]
[2020.04.11-12.16.22:421][  0]LogConfig: Setting CVar [[r.DOF.Kernel.MaxForegroundRadius:0.025]]
[2020.04.11-12.16.22:421][  0]LogConfig: Setting CVar [[r.DOF.Kernel.MaxBackgroundRadius:0.025]]
[2020.04.11-12.16.22:421][  0]LogConfig: Applying CVar settings from Section [TextureQuality@3] File [C:/Users/Eugene/Desktop/Pyshka_Gonka/Pyshka_Gonka/Saved/Config/Windows/Scalability.ini]
[2020.04.11-12.16.22:421][  0]LogConfig: Setting CVar [[r.Streaming.MipBias:0]]
[2020.04.11-12.16.22:421][  0]LogConfig: Setting CVar [[r.Streaming.AmortizeCPUToGPUCopy:0]]
[2020.04.11-12.16.22:421][  0]LogConfig: Setting CVar [[r.Streaming.MaxNumTexturesToStreamPerFrame:0]]
[2020.04.11-12.16.22:421][  0]LogConfig: Setting CVar [[r.Streaming.Boost:1]]
[2020.04.11-12.16.22:421][  0]LogConfig: Setting CVar [[r.MaxAnisotropy:8]]
[2020.04.11-12.16.22:421][  0]LogConfig: Setting CVar [[r.VT.MaxAnisotropy:8]]
[2020.04.11-12.16.22:421][  0]LogConfig: Setting CVar [[r.Streaming.LimitPoolSizeToVRAM:0]]
[2020.04.11-12.16.22:421][  0]LogConfig: Setting CVar [[r.Streaming.PoolSize:1000]]
[2020.04.11-12.16.22:421][  0]LogConfig: Setting CVar [[r.Streaming.MaxEffectiveScreenSize:0]]
[2020.04.11-12.16.22:421][  0]LogConfig: Applying CVar settings from Section [EffectsQuality@3] File [C:/Users/Eugene/Desktop/Pyshka_Gonka/Pyshka_Gonka/Saved/Config/Windows/Scalability.ini]
[2020.04.11-12.16.22:421][  0]LogConfig: Setting CVar [[r.TranslucencyLightingVolumeDim:64]]
[2020.04.11-12.16.22:421][  0]LogConfig: Setting CVar [[r.RefractionQuality:2]]
[2020.04.11-12.16.22:421][  0]LogConfig: Setting CVar [[r.SSR.Quality:3]]
[2020.04.11-12.16.22:421][  0]LogConfig: Setting CVar [[r.SSR.HalfResSceneColor:0]]
[2020.04.11-12.16.22:421][  0]LogConfig: Setting CVar [[r.SceneColorFormat:4]]
[2020.04.11-12.16.22:421][  0]LogConfig: Setting CVar [[r.DetailMode:2]]
[2020.04.11-12.16.22:421][  0]LogConfig: Setting CVar [[r.TranslucencyVolumeBlur:1]]
[2020.04.11-12.16.22:421][  0]LogConfig: Setting CVar [[r.MaterialQualityLevel:1 ; High quality]]
[2020.04.11-12.16.22:421][  0]LogConfig: Setting CVar [[r.SSS.Scale:1]]
[2020.04.11-12.16.22:421][  0]LogConfig: Setting CVar [[r.SSS.SampleSet:2]]
[2020.04.11-12.16.22:421][  0]LogConfig: Setting CVar [[r.SSS.Quality:1]]
[2020.04.11-12.16.22:421][  0]LogConfig: Setting CVar [[r.SSS.HalfRes:1]]
[2020.04.11-12.16.22:421][  0]LogConfig: Setting CVar [[r.SSGI.Quality:3]]
[2020.04.11-12.16.22:421][  0]LogConfig: Setting CVar [[r.EmitterSpawnRateScale:1.0]]
[2020.04.11-12.16.22:421][  0]LogConfig: Setting CVar [[r.ParticleLightQuality:2]]
[2020.04.11-12.16.22:421][  0]LogConfig: Setting CVar [[r.SkyAtmosphere.AerialPerspectiveLUT.FastApplyOnOpaque:1 ; Always have FastSkyLUT 1 in this case to avoid wrong sky]]
[2020.04.11-12.16.22:421][  0]LogConfig: Setting CVar [[r.SkyAtmosphere.AerialPerspectiveLUT.SampleCountPerSlice:1]]
[2020.04.11-12.16.22:421][  0]LogConfig: Setting CVar [[r.SkyAtmosphere.AerialPerspectiveLUT.DepthResolution:16.0]]
[2020.04.11-12.16.22:421][  0]LogConfig: Setting CVar [[r.SkyAtmosphere.FastSkyLUT:1]]
[2020.04.11-12.16.22:421][  0]LogConfig: Setting CVar [[r.SkyAtmosphere.FastSkyLUT.SampleCountMin:4.0]]
[2020.04.11-12.16.22:421][  0]LogConfig: Setting CVar [[r.SkyAtmosphere.FastSkyLUT.SampleCountMax:32.0]]
[2020.04.11-12.16.22:421][  0]LogConfig: Setting CVar [[r.SkyAtmosphere.SampleCountMin:4.0]]
[2020.04.11-12.16.22:421][  0]LogConfig: Setting CVar [[r.SkyAtmosphere.SampleCountMax:32.0]]
[2020.04.11-12.16.22:421][  0]LogConfig: Setting CVar [[r.SkyAtmosphere.TransmittanceLUT.UseSmallFormat:0]]
[2020.04.11-12.16.22:421][  0]LogConfig: Setting CVar [[r.SkyAtmosphere.TransmittanceLUT.SampleCount:10.0]]
[2020.04.11-12.16.22:421][  0]LogConfig: Setting CVar [[r.SkyAtmosphere.MultiScatteringLUT.SampleCount:15.0]]
[2020.04.11-12.16.22:421][  0]LogConfig: Applying CVar settings from Section [FoliageQuality@3] File [C:/Users/Eugene/Desktop/Pyshka_Gonka/Pyshka_Gonka/Saved/Config/Windows/Scalability.ini]
[2020.04.11-12.16.22:421][  0]LogConfig: Setting CVar [[foliage.DensityScale:1.0]]
[2020.04.11-12.16.22:421][  0]LogConfig: Setting CVar [[grass.DensityScale:1.0]]
[2020.04.11-12.16.22:422][  0]LogConfig: Applying CVar settings from Section [ShadingQuality@3] File [C:/Users/Eugene/Desktop/Pyshka_Gonka/Pyshka_Gonka/Saved/Config/Windows/Scalability.ini]
[2020.04.11-12.16.22:422][  0]LogConfig: Setting CVar [[r.HairStrands.SkyLighting.SampleCount:16]]
[2020.04.11-12.16.22:422][  0]LogConfig: Setting CVar [[r.HairStrands.SkyLighting.JitterIntegration:0]]
[2020.04.11-12.16.22:422][  0]LogConfig: Setting CVar [[r.HairStrands.SkyAO.SampleCount:16]]
[2020.04.11-12.16.22:422][  0]LogConfig: Applying CVar settings from Section [Startup] File [../../../Engine/Config/ConsoleVariables.ini]
[2020.04.11-12.16.22:422][  0]LogConfig: Setting CVar [[net.UseAdaptiveNetUpdateFrequency:0]]
[2020.04.11-12.16.22:422][  0]LogConfig: Setting CVar [[p.chaos.AllowCreatePhysxBodies:1]]
[2020.04.11-12.16.22:422][  0]LogConfig: Applying CVar settings from Section [ConsoleVariables] File [C:/Users/Eugene/Desktop/Pyshka_Gonka/Pyshka_Gonka/Saved/Config/Windows/Engine.ini]
[2020.04.11-12.16.22:422][  0]LogInit: Computer: DESKTOP-R124MSG
[2020.04.11-12.16.22:422][  0]LogInit: User: Eugene
[2020.04.11-12.16.22:422][  0]LogInit: CPU Page size=4096, Cores=6
[2020.04.11-12.16.22:422][  0]LogInit: High frequency timer resolution =10.000000 MHz
[2020.04.11-12.16.22:422][  0]LogMemory: Memory total: Physical=15.9GB (16GB approx)
[2020.04.11-12.16.22:422][  0]LogMemory: Platform Memory Stats for Windows
[2020.04.11-12.16.22:422][  0]LogMemory: Process Physical Memory: 105.56 MB used, 105.57 MB peak
[2020.04.11-12.16.22:422][  0]LogMemory: Process Virtual Memory: 101.39 MB used, 101.39 MB peak
[2020.04.11-12.16.22:422][  0]LogMemory: Physical Memory: 9476.19 MB used,  6842.16 MB free, 16318.35 MB total
[2020.04.11-12.16.22:422][  0]LogMemory: Virtual Memory: 5159.36 MB used,  134212568.00 MB free, 134217728.00 MB total
[2020.04.11-12.16.22:424][  0]LogWindows: WindowsPlatformFeatures enabled
[2020.04.11-12.16.22:436][  0]LogInit: Using OS detected language (ru-RU).
[2020.04.11-12.16.22:436][  0]LogInit: Using OS detected locale (ru-UA).
[2020.04.11-12.16.22:436][  0]LogTextLocalizationManager: No specific localization for 'ru-RU' exists, so the 'ru' localization will be used.
[2020.04.11-12.16.22:437][  0]LogTextLocalizationResource: LocRes '../../../Engine/Content/Localization/Editor/ru/Editor.locres' could not be opened for reading!
[2020.04.11-12.16.22:437][  0]LogTextLocalizationResource: LocRes '../../../Engine/Content/Localization/EditorTutorials/ru/EditorTutorials.locres' could not be opened for reading!
[2020.04.11-12.16.22:437][  0]LogTextLocalizationResource: LocRes '../../../Engine/Content/Localization/Keywords/ru/Keywords.locres' could not be opened for reading!
[2020.04.11-12.16.22:437][  0]LogTextLocalizationResource: LocRes '../../../Engine/Content/Localization/Category/ru/Category.locres' could not be opened for reading!
[2020.04.11-12.16.22:437][  0]LogTextLocalizationResource: LocRes '../../../Engine/Content/Localization/ToolTips/ru/ToolTips.locres' could not be opened for reading!
[2020.04.11-12.16.22:437][  0]LogTextLocalizationResource: LocRes '../../../Engine/Content/Localization/PropertyNames/ru/PropertyNames.locres' could not be opened for reading!
[2020.04.11-12.16.22:437][  0]LogTextLocalizationResource: LocRes '../../../Engine/Content/Localization/Engine/ru/Engine.locres' could not be opened for reading!
[2020.04.11-12.16.22:437][  0]LogInit: Setting process to per monitor DPI aware
[2020.04.11-12.16.22:462][  0]LogSlate: New Slate User Created.  User Index 0, Is Virtual User: 0
[2020.04.11-12.16.22:462][  0]LogSlate: Slate User Registered.  User Index 0, Is Virtual User: 0
[2020.04.11-12.16.22:555][  0]LogHMD: Failed to initialize OpenVR with code 110
[2020.04.11-12.16.22:555][  0]LogD3D11RHI: D3D11 min allowed feature level: 11_0
[2020.04.11-12.16.22:555][  0]LogD3D11RHI: D3D11 max allowed feature level: 11_0
[2020.04.11-12.16.22:555][  0]LogD3D11RHI: D3D11 adapters:
[2020.04.11-12.16.22:605][  0]LogD3D11RHI:    0. 'NVIDIA GeForce RTX 2070 SUPER' (Feature Level 11_0)
[2020.04.11-12.16.22:605][  0]LogD3D11RHI:       8011/0/8159 MB DedicatedVideo/DedicatedSystem/SharedSystem, Outputs:1, VendorId:0x10de
[2020.04.11-12.16.22:607][  0]LogD3D11RHI:    1. 'Microsoft Basic Render Driver' (Feature Level 11_0)
[2020.04.11-12.16.22:607][  0]LogD3D11RHI:       0/0/8159 MB DedicatedVideo/DedicatedSystem/SharedSystem, Outputs:0, VendorId:0x1414
[2020.04.11-12.16.22:607][  0]LogD3D11RHI: Chosen D3D11 Adapter: 0
[2020.04.11-12.16.22:614][  0]LogD3D11RHI: Creating new Direct3DDevice
[2020.04.11-12.16.22:614][  0]LogD3D11RHI:     GPU DeviceId: 0x1e84 (for the marketing name, search the web for "GPU Device Id")
[2020.04.11-12.16.22:614][  0]LogWindows: EnumDisplayDevices:
[2020.04.11-12.16.22:614][  0]LogWindows:    0. 'NVIDIA GeForce RTX 2070 SUPER' (P:1 D:1)
[2020.04.11-12.16.22:615][  0]LogWindows:    1. 'NVIDIA GeForce RTX 2070 SUPER' (P:0 D:0)
[2020.04.11-12.16.22:615][  0]LogWindows:    2. 'NVIDIA GeForce RTX 2070 SUPER' (P:0 D:0)
[2020.04.11-12.16.22:615][  0]LogWindows:    3. 'NVIDIA GeForce RTX 2070 SUPER' (P:0 D:0)
[2020.04.11-12.16.22:615][  0]LogWindows: DebugString: FoundDriverCount:4 
[2020.04.11-12.16.22:615][  0]LogD3D11RHI:     Adapter Name: NVIDIA GeForce RTX 2070 SUPER
[2020.04.11-12.16.22:615][  0]LogD3D11RHI:   Driver Version: 436.30 (internal:26.21.14.3630, unified:436.30)
[2020.04.11-12.16.22:615][  0]LogD3D11RHI:      Driver Date: 9-5-2019
[2020.04.11-12.16.22:615][  0]LogRHI: Texture pool is 5607 MB (70% of 8011 MB)
[2020.04.11-12.16.22:652][  0]LogD3D11RHI: RHI has support for 64 bit atomics
[2020.04.11-12.16.22:652][  0]LogD3D11RHI: Async texture creation enabled
[2020.04.11-12.16.22:695][  0]LogD3D11RHI: HDR output is supported on display 0 (NvId: 0x80061086).
[2020.04.11-12.16.22:716][  0]LogD3D11RHI: GPU Timing Frequency: 1000.000000 (Debug: 2 2)
[2020.04.11-12.16.23:017][  0]LogTargetPlatformManager: Display: Loaded TargetPlatform 'AllDesktop'
[2020.04.11-12.16.23:040][  0]LogTargetPlatformManager: Display: Loaded TargetPlatform 'Android'
[2020.04.11-12.16.23:040][  0]LogTargetPlatformManager: Display: Loaded TargetPlatform 'Android_ASTC'
[2020.04.11-12.16.23:040][  0]LogTargetPlatformManager: Display: Loaded TargetPlatform 'Android_ATC'
[2020.04.11-12.16.23:040][  0]LogTargetPlatformManager: Display: Loaded TargetPlatform 'Android_DXT'
[2020.04.11-12.16.23:040][  0]LogTargetPlatformManager: Display: Loaded TargetPlatform 'Android_ETC1'
[2020.04.11-12.16.23:040][  0]LogTargetPlatformManager: Display: Loaded TargetPlatform 'Android_ETC1a'
[2020.04.11-12.16.23:040][  0]LogTargetPlatformManager: Display: Loaded TargetPlatform 'Android_ETC2'
[2020.04.11-12.16.23:040][  0]LogTargetPlatformManager: Display: Loaded TargetPlatform 'Android_PVRTC'
[2020.04.11-12.16.23:040][  0]LogTargetPlatformManager: Display: Loaded TargetPlatform 'AndroidClient'
[2020.04.11-12.16.23:040][  0]LogTargetPlatformManager: Display: Loaded TargetPlatform 'Android_ASTCClient'
[2020.04.11-12.16.23:040][  0]LogTargetPlatformManager: Display: Loaded TargetPlatform 'Android_ATCClient'
[2020.04.11-12.16.23:040][  0]LogTargetPlatformManager: Display: Loaded TargetPlatform 'Android_DXTClient'
[2020.04.11-12.16.23:040][  0]LogTargetPlatformManager: Display: Loaded TargetPlatform 'Android_ETC1Client'
[2020.04.11-12.16.23:040][  0]LogTargetPlatformManager: Display: Loaded TargetPlatform 'Android_ETC1aClient'
[2020.04.11-12.16.23:040][  0]LogTargetPlatformManager: Display: Loaded TargetPlatform 'Android_ETC2Client'
[2020.04.11-12.16.23:040][  0]LogTargetPlatformManager: Display: Loaded TargetPlatform 'Android_PVRTCClient'
[2020.04.11-12.16.23:040][  0]LogTargetPlatformManager: Display: Loaded TargetPlatform 'Android_Multi'
[2020.04.11-12.16.23:040][  0]LogTargetPlatformManager: Display: Loaded TargetPlatform 'Android_MultiClient'
[2020.04.11-12.16.23:052][  0]LogTargetPlatformManager: Display: Loaded TargetPlatform 'IOSClient'
[2020.04.11-12.16.23:052][  0]LogTargetPlatformManager: Display: Loaded TargetPlatform 'IOS'
[2020.04.11-12.16.23:057][  0]LogTargetPlatformManager: Display: Loaded TargetPlatform 'LinuxNoEditor'
[2020.04.11-12.16.23:062][  0]LogTargetPlatformManager: Display: Loaded TargetPlatform 'LinuxClient'
[2020.04.11-12.16.23:067][  0]LogTargetPlatformManager: Display: Loaded TargetPlatform 'LinuxServer'
[2020.04.11-12.16.23:072][  0]LogTargetPlatformManager: Display: Loaded TargetPlatform 'LinuxAArch64NoEditor'
[2020.04.11-12.16.23:077][  0]LogTargetPlatformManager: Display: Loaded TargetPlatform 'LinuxAArch64Client'
[2020.04.11-12.16.23:081][  0]LogTargetPlatformManager: Display: Loaded TargetPlatform 'LinuxAArch64Server'
[2020.04.11-12.16.23:098][  0]LogTargetPlatformManager: Display: Loaded TargetPlatform 'Lumin'
[2020.04.11-12.16.23:098][  0]LogTargetPlatformManager: Display: Loaded TargetPlatform 'LuminClient'
[2020.04.11-12.16.23:107][  0]LogTargetPlatformManager: Display: Loaded TargetPlatform 'TVOSClient'
[2020.04.11-12.16.23:107][  0]LogTargetPlatformManager: Display: Loaded TargetPlatform 'TVOS'
[2020.04.11-12.16.23:112][  0]LogTargetPlatformManager: Display: Loaded TargetPlatform 'WindowsNoEditor'
[2020.04.11-12.16.23:117][  0]LogTargetPlatformManager: Display: Loaded TargetPlatform 'Windows'
[2020.04.11-12.16.23:122][  0]LogTargetPlatformManager: Display: Loaded TargetPlatform 'WindowsClient'
[2020.04.11-12.16.23:127][  0]LogTargetPlatformManager: Display: Loaded TargetPlatform 'WindowsServer'
[2020.04.11-12.16.23:127][  0]LogTargetPlatformManager: Display: Building Assets For Windows
[2020.04.11-12.16.23:128][  0]LogAudioDebug: Display: Lib vorbis DLL was dynamically loaded.
[2020.04.11-12.16.23:140][  0]LogShaderCompilers: Guid format shader working directory is -2 characters bigger than the processId version (C:/Users/Eugene/Desktop/Pyshka_Gonka/Pyshka_Gonka/Intermediate/Shaders/WorkingDirectory/1224/).
[2020.04.11-12.16.23:140][  0]LogShaderCompilers: Cleaned the shader compiler working directory 'C:/Users/Eugene/AppData/Local/Temp/UnrealShaderWorkingDir/E959A6E84C14CE30ACE6CB9634BE411F/'.
[2020.04.11-12.16.23:140][  0]LogXGEController: Cannot use XGE Controller as Incredibuild is not installed on this machine.
[2020.04.11-12.16.23:141][  0]LogShaderCompilers: Cannot use XGE Shader Compiler as Incredibuild is not installed on this machine.
[2020.04.11-12.16.23:141][  0]LogShaderCompilers: Display: Using Local Shader Compiler.
[2020.04.11-12.16.23:671][  0]LogDerivedDataCache: Display: Max Cache Size: 512 MB
[2020.04.11-12.16.23:712][  0]LogDerivedDataCache: Loaded boot cache 0.04s 79MB C:/Users/Eugene/AppData/Local/UnrealEngine/4.24/DerivedDataCache/Boot.ddc.
[2020.04.11-12.16.23:712][  0]LogDerivedDataCache: Display: Loaded Boot cache: C:/Users/Eugene/AppData/Local/UnrealEngine/4.24/DerivedDataCache/Boot.ddc
[2020.04.11-12.16.23:713][  0]LogDerivedDataCache: FDerivedDataBackendGraph:  Pak pak cache file C:/Users/Eugene/Desktop/Pyshka_Gonka/Pyshka_Gonka/DerivedDataCache/DDC.ddp not found, will not use a pak cache.
[2020.04.11-12.16.23:713][  0]LogDerivedDataCache: Unable to find inner node Pak for hierarchical cache Hierarchy.
[2020.04.11-12.16.23:713][  0]LogDerivedDataCache: FDerivedDataBackendGraph:  CompressedPak pak cache file C:/Users/Eugene/Desktop/Pyshka_Gonka/Pyshka_Gonka/DerivedDataCache/Compressed.ddp not found, will not use a pak cache.
[2020.04.11-12.16.23:713][  0]LogDerivedDataCache: Unable to find inner node CompressedPak for hierarchical cache Hierarchy.
[2020.04.11-12.16.23:720][  0]LogDerivedDataCache: Display: Pak cache opened for reading ../../../Engine/DerivedDataCache/Compressed.ddp.
[2020.04.11-12.16.23:720][  0]LogDerivedDataCache: FDerivedDataBackendGraph:  EnterprisePak pak cache file ../../../Enterprise/DerivedDataCache/Compressed.ddp not found, will not use a pak cache.
[2020.04.11-12.16.23:720][  0]LogDerivedDataCache: Unable to find inner node EnterprisePak for hierarchical cache Hierarchy.
[2020.04.11-12.16.23:721][  0]LogDerivedDataCache: Using Local data cache path C:/Users/Eugene/AppData/Local/UnrealEngine/Common/DerivedDataCache: Writable
[2020.04.11-12.16.23:721][  0]LogDerivedDataCache: Shared data cache path not found in *engine.ini, will not use an Shared cache.
[2020.04.11-12.16.23:721][  0]LogDerivedDataCache: Unable to find inner node Shared for hierarchical cache Hierarchy.
[2020.04.11-12.16.23:740][  0]LogMaterial: Verifying Global Shaders for PCD3D_SM5
[2020.04.11-12.16.23:742][  0]LogSlate: Using FreeType 2.10.0
[2020.04.11-12.16.23:743][  0]LogSlate: SlateFontServices - WITH_FREETYPE: 1, WITH_HARFBUZZ: 1
[2020.04.11-12.16.23:778][  0]LogAssetRegistry: FAssetRegistry took 0.0018 seconds to start up
[2020.04.11-12.16.24:017][  0]LogInit: Selected Device Profile: [Windows]
[2020.04.11-12.16.24:137][  0]LogMeshReduction: Using QuadricMeshReduction for automatic static mesh reduction
[2020.04.11-12.16.24:137][  0]LogMeshReduction: Using SimplygonMeshReduction for automatic skeletal mesh reduction
[2020.04.11-12.16.24:137][  0]LogMeshReduction: Using ProxyLODMeshReduction for automatic mesh merging
[2020.04.11-12.16.24:137][  0]LogMeshReduction: No distributed automatic mesh merging module available
[2020.04.11-12.16.24:137][  0]LogMeshMerging: No distributed automatic mesh merging module available
[2020.04.11-12.16.24:146][  0]LogNetVersion: Pyshka_Gonka 1.0.0, NetCL: 10570792, EngineNetVer: 13, GameNetVer: 0 (Checksum: 1685621820)
[2020.04.11-12.16.24:893][  0]LogPackageLocalizationCache: Processed 10 localized package path(s) for 1 prioritized culture(s) in 0.034061 seconds
[2020.04.11-12.16.24:898][  0]LogUObjectArray: 46750 objects as part of root set at end of initial load.
[2020.04.11-12.16.24:898][  0]LogUObjectAllocator: 8137160 out of 0 bytes used by permanent object pool.
[2020.04.11-12.16.24:898][  0]LogUObjectArray: CloseDisregardForGC: 0/0 objects in disregard for GC pool
[2020.04.11-12.16.25:165][  0]LogTcpMessaging: Initializing TcpMessaging bridge
[2020.04.11-12.16.25:167][  0]LogUdpMessaging: Initializing bridge on interface 0.0.0.0:0 to multicast group 230.0.0.1:6666.
[2020.04.11-12.16.25:197][  0]SourceControl: Source control is disabled
[2020.04.11-12.16.25:197][  0]SourceControl: Source control is disabled
[2020.04.11-12.16.25:197][  0]SourceControl: Source control is disabled
[2020.04.11-12.16.25:198][  0]SourceControl: Source control is disabled
[2020.04.11-12.16.25:198][  0]SourceControl: Source control is disabled
[2020.04.11-12.16.25:203][  0]LogVSAccessor: Display: Unable to create Visual Studio setup instance: 80040154
[2020.04.11-12.16.25:204][  0]LogVSAccessor: Display: Unable to create Visual Studio setup instance: 80040154
[2020.04.11-12.16.25:248][  0]LogAndroidPermission: UAndroidPermissionCallbackProxy::GetInstance
[2020.04.11-12.16.25:255][  0]LogAudioCaptureCore: Display: No Audio Capture implementations found. Audio input will be silent.
[2020.04.11-12.16.25:255][  0]LogAudioCaptureCore: Display: No Audio Capture implementations found. Audio input will be silent.
[2020.04.11-12.16.25:319][  0]LogOcInput: OculusInput pre-init called
[2020.04.11-12.16.25:323][  0]LogWindows: Failed to load 'OVRPlugin.dll' (GetLastError=126)
[2020.04.11-12.16.25:323][  0]LogWindows: File 'OVRPlugin.dll' does not exist
[2020.04.11-12.16.25:374][  0]LogEngine: Initializing Engine...
[2020.04.11-12.16.25:375][  0]LogHMD: Failed to initialize OpenVR with code 110
[2020.04.11-12.16.25:376][  0]LogStats: UGameplayTagsManager::InitializeManager -  0.000 s
[2020.04.11-12.16.25:634][  0]LogInit: Initializing FReadOnlyCVARCache
[2020.04.11-12.16.25:716][  0]LogAIModule: Creating AISystem for world Untitled
[2020.04.11-12.16.25:725][  0]LogAudioMixer: Display: Audio Mixer Platform Settings:
[2020.04.11-12.16.25:725][  0]LogAudioMixer: Display: 	Sample Rate:						  48000
[2020.04.11-12.16.25:725][  0]LogAudioMixer: Display: 	Callback Buffer Frame Size Requested: 1024
[2020.04.11-12.16.25:725][  0]LogAudioMixer: Display: 	Callback Buffer Frame Size To Use:	  1024
[2020.04.11-12.16.25:725][  0]LogAudioMixer: Display: 	Number of buffers to queue:			  2
[2020.04.11-12.16.25:725][  0]LogAudioMixer: Display: 	Max Channels (voices):				  32
[2020.04.11-12.16.25:725][  0]LogAudioMixer: Display: 	Number of Async Source Workers:		  0
[2020.04.11-12.16.25:725][  0]LogAudio: Display: AudioDevice MaxSources: 32
[2020.04.11-12.16.25:725][  0]LogAudio: Display: Using built-in audio occlusion.
[2020.04.11-12.16.25:725][  0]LogAudioMixer: Display: Initializing audio mixer.
[2020.04.11-12.16.25:744][  0]LogAudioMixer: Display: Audio Device Output Speaker Info:
[2020.04.11-12.16.25:744][  0]LogAudioMixer: Display: Name: VG271U (2- NVIDIA High Definition Audio)
[2020.04.11-12.16.25:744][  0]LogAudioMixer: Display: Is Default: Yes
[2020.04.11-12.16.25:744][  0]LogAudioMixer: Display: Sample Rate: 48000
[2020.04.11-12.16.25:744][  0]LogAudioMixer: Display: Channel Count Used: 2
[2020.04.11-12.16.25:744][  0]LogAudioMixer: Display: Device Channel Count: 2
[2020.04.11-12.16.25:744][  0]LogAudioMixer: Display: Channel Order:
[2020.04.11-12.16.25:744][  0]LogAudioMixer: Display: 0: FrontLeft
[2020.04.11-12.16.25:744][  0]LogAudioMixer: Display: 1: FrontRight
[2020.04.11-12.16.25:771][  0]LogAudioMixer: Display: Using Audio Device VG271U (2- NVIDIA High Definition Audio)
[2020.04.11-12.16.25:772][  0]LogInit: FAudioDevice initialized.
[2020.04.11-12.16.25:772][  0]LogNetVersion: Set ProjectVersion to 1.0.0.0. Version Checksum will be recalculated on next use.
[2020.04.11-12.16.25:807][  0]LogDerivedDataCache: Saved boot cache 0.03s 79MB C:/Users/Eugene/AppData/Local/UnrealEngine/4.24/DerivedDataCache/Boot.ddc.
[2020.04.11-12.16.25:810][  0]LogInit: Texture streaming: Enabled
[2020.04.11-12.16.25:927][  0]LogEngineSessionManager: EngineSessionManager initialized
[2020.04.11-12.16.25:927][  0]LogEditorSessionSummary: Verbose: Initializing EditorSessionSummaryWriter for editor session tracking
[2020.04.11-12.16.25:928][  0]LogEditorSessionSummary: EditorSessionSummaryWriter initialized
[2020.04.11-12.16.25:972][  0]LogInit: Transaction tracking system initialized
[2020.04.11-12.16.25:978][  0]BlueprintLog: New page: Editor Load
[2020.04.11-12.16.25:998][  0]LocalizationService: Localization service is disabled
[2020.04.11-12.16.26:024][  0]LogVSAccessor: Display: Unable to create Visual Studio setup instance: 80040154
[2020.04.11-12.16.26:024][  0]LogVSAccessor: Display: Unable to create Visual Studio setup instance: 80040154
[2020.04.11-12.16.26:216][  0]LogFileCache: Scanning file cache for directory 'C:/Users/Eugene/Desktop/Pyshka_Gonka/Pyshka_Gonka/Content/' took 0.01s
[2020.04.11-12.16.26:216][  0]LogCook: Display: Max memory allowance for cook 16384mb min free memory 0mb
[2020.04.11-12.16.26:216][  0]LogCook: Display: Mobile HDR setting 1
[2020.04.11-12.16.26:658][  0]SourceControl: Source control is disabled
[2020.04.11-12.16.26:658][  0]Cmd: MAP LOAD FILE="C:/Users/Eugene/Desktop/Pyshka_Gonka/Pyshka_Gonka/Content/ThirdPersonBP/Maps/ThirdPersonExampleMap.umap" TEMPLATE=0 SHOWPROGRESS=1 FEATURELEVEL=3
[2020.04.11-12.16.26:658][  0]LightingResults: New page: Lighting Build
[2020.04.11-12.16.26:659][  0]LogWorld: UWorld::CleanupWorld for Untitled, bSessionEnded=true, bCleanupResources=true
[2020.04.11-12.16.26:659][  0]LogSlate: InvalidateAllWidgets triggered.  All widgets were invalidated
[2020.04.11-12.16.26:659][  0]MapCheck: New page: Map Check
[2020.04.11-12.16.26:659][  0]LightingResults: New page: Lighting Build
[2020.04.11-12.16.26:688][  0]LogUObjectHash: Compacting FUObjectHashTables data took   1.27ms
[2020.04.11-12.16.27:903][  0]LogTexture: Display: Building textures: HQ_Lightmap1_1 (AutoDXT, 1024X1024)
[2020.04.11-12.16.27:903][  0]LogTexture: Display: Building textures: SkyOcclusion1_3 (AutoDXT, 64X32)
[2020.04.11-12.16.27:903][  0]LogTexture: Display: Building textures: HQ_Lightmap1_3 (AutoDXT, 64X64)
[2020.04.11-12.16.27:903][  0]LogTexture: Display: Building textures: LQ_Lightmap_1_3 (DXT1, 64X64)
[2020.04.11-12.16.27:903][  0]LogTexture: Display: Building textures: HQ_Lightmap1_2 (AutoDXT, 512X512)
[2020.04.11-12.16.27:903][  0]LogTexture: Display: Building textures: LQ_Lightmap_1_2 (DXT1, 512X512)
[2020.04.11-12.16.27:903][  0]LogTexture: Display: Building textures: SkyOcclusion1_2 (AutoDXT, 512X256)
[2020.04.11-12.16.27:903][  0]LogTexture: Display: Building textures: LQ_Lightmap_1_1 (DXT1, 1024X1024)
[2020.04.11-12.16.27:903][  0]LogTexture: Display: Building textures: SkyOcclusion1_1 (AutoDXT, 1024X512)
[2020.04.11-12.16.27:903][  0]LogTexture: Display: Building textures: ShadowMapTexture2D_2 (G8, 1024X1024)
[2020.04.11-12.16.27:903][  0]LogTexture: Display: Building textures: ShadowMapTexture2D_3 (G8, 32X32)
[2020.04.11-12.16.27:903][  0]LogStaticMesh: Building static mesh sword...
[2020.04.11-12.16.27:977][  0]LogStaticMesh: Built static mesh [0.12s] /Game/StarterContent/Props/sword.sword
[2020.04.11-12.16.28:373][  0]LogSkeletalMesh: Building Skeletal Mesh SK_Mannequin...
[2020.04.11-12.16.28:470][  0]LogSkeletalMesh: Built Skeletal Mesh [0.11s] /Game/Mannequin/Character/Mesh/SK_Mannequin.SK_Mannequin
[2020.04.11-12.16.28:514][  0]LogAnimationCompression: Building Anim DDC data for AnimSequence /Game/Mannequin/Animations/ThirdPerson_Jump.ThirdPerson_Jump
[2020.04.11-12.16.28:542][  0]LogAnimationCompression: Recompressing (AnimSequence /Game/Mannequin/Animations/ThirdPerson_Jump.ThirdPerson_Jump) using current/default (AnimCompress_RemoveLinearKeys_0) bFirstRecompressUsingCurrentOrDefault(1) bTryAlternateCompressor(0) IsCompressedDataValid(0)
[2020.04.11-12.16.28:552][  0]LogAnimationCompression: Building Anim DDC data for AnimSequence /Game/Mannequin/Animations/ThirdPersonJump_Loop.ThirdPersonJump_Loop
[2020.04.11-12.16.28:552][  0]LogAnimationCompression: Recompressing (AnimSequence /Game/Mannequin/Animations/ThirdPersonJump_Loop.ThirdPersonJump_Loop) using current/default (AnimCompress_RemoveLinearKeys_2) bFirstRecompressUsingCurrentOrDefault(1) bTryAlternateCompressor(0) IsCompressedDataValid(0)
[2020.04.11-12.16.28:560][  0]LogAnimationCompression: Building Anim DDC data for AnimSequence /Game/Mannequin/Animations/ThirdPersonJump_Start.ThirdPersonJump_Start
[2020.04.11-12.16.28:560][  0]LogAnimationCompression: Recompressing (AnimSequence /Game/Mannequin/Animations/ThirdPersonJump_Start.ThirdPersonJump_Start) using current/default (AnimCompress_RemoveLinearKeys_3) bFirstRecompressUsingCurrentOrDefault(1) bTryAlternateCompressor(0) IsCompressedDataValid(0)
[2020.04.11-12.16.28:568][  0]LogAnimationCompression: Building Anim DDC data for AnimSequence /Game/Mannequin/Animations/ThirdPersonWalk.ThirdPersonWalk
[2020.04.11-12.16.28:568][  0]LogAnimationCompression: Recompressing (AnimSequence /Game/Mannequin/Animations/ThirdPersonWalk.ThirdPersonWalk) using current/default (AnimCompress_RemoveLinearKeys_5) bFirstRecompressUsingCurrentOrDefault(1) bTryAlternateCompressor(0) IsCompressedDataValid(0)
[2020.04.11-12.16.28:582][  0]LogAnimationCompression: Building Anim DDC data for AnimSequence /Game/Mannequin/Animations/ThirdPersonIdle.ThirdPersonIdle
[2020.04.11-12.16.28:582][  0]LogAnimationCompression: Recompressing (AnimSequence /Game/Mannequin/Animations/ThirdPersonIdle.ThirdPersonIdle) using current/default (AnimCompress_RemoveLinearKeys_1) bFirstRecompressUsingCurrentOrDefault(1) bTryAlternateCompressor(0) IsCompressedDataValid(0)
[2020.04.11-12.16.28:608][  0]LogAnimationCompression: Building Anim DDC data for AnimSequence /Game/Mannequin/Animations/ThirdPersonRun.ThirdPersonRun
[2020.04.11-12.16.28:609][  0]LogAnimationCompression: Recompressing (AnimSequence /Game/Mannequin/Animations/ThirdPersonRun.ThirdPersonRun) using current/default (AnimCompress_RemoveLinearKeys_4) bFirstRecompressUsingCurrentOrDefault(1) bTryAlternateCompressor(0) IsCompressedDataValid(0)
[2020.04.11-12.16.28:619][  0]LogAIModule: Creating AISystem for world ThirdPersonExampleMap
[2020.04.11-12.16.28:833][  0]LogEditorServer: Finished looking for orphan Actors (0.000 secs)
[2020.04.11-12.16.28:861][  0]LogUObjectHash: Compacting FUObjectHashTables data took   1.79ms
[2020.04.11-12.16.28:867][  0]Cmd: MAP CHECKDEP NOCLEARLOG
[2020.04.11-12.16.28:868][  0]MapCheck: Map check complete: 0 Error(s), 0 Warning(s), took 0,139ms to complete.
[2020.04.11-12.16.28:868][  0]LogFileHelpers: Loading map 'ThirdPersonExampleMap' took 2.210
[2020.04.11-12.16.29:555][  0]LogSlate: Updating window title bar state: overlay mode, drag disabled, window buttons hidden, title bar hidden
[2020.04.11-12.16.29:563][  0]LogSlate: Updating window title bar state: overlay mode, drag disabled, window buttons hidden, title bar hidden
[2020.04.11-12.16.29:567][  0]LogSlate: Updating window title bar state: overlay mode, drag disabled, window buttons hidden, title bar hidden
[2020.04.11-12.16.29:572][  0]LogSlate: Updating window title bar state: overlay mode, drag disabled, window buttons hidden, title bar hidden
[2020.04.11-12.16.29:648][  0]LogCollectionManager: Loaded 0 collections in 0.000553 seconds
[2020.04.11-12.16.29:738][  0]LogFileCache: Scanning file cache for directory 'C:/Users/Eugene/Desktop/Pyshka_Gonka/Pyshka_Gonka/Saved/Collections/' took 0.00s
[2020.04.11-12.16.29:738][  0]LogFileCache: Scanning file cache for directory 'C:/Users/Eugene/Desktop/Pyshka_Gonka/Pyshka_Gonka/Content/Developers/Eugene/Collections/' took 0.00s
[2020.04.11-12.16.29:738][  0]LogFileCache: Scanning file cache for directory 'C:/Users/Eugene/Desktop/Pyshka_Gonka/Pyshka_Gonka/Content/Collections/' took 0.00s
[2020.04.11-12.16.29:738][  0]LogContentBrowser: Native class hierarchy populated in 0.0065 seconds. Added 3015 classes and 717 folders.
[2020.04.11-12.16.29:794][  0]LogContentBrowser: Native class hierarchy updated for 'WidgetCarousel' in 0.0003 seconds. Added 0 classes and 0 folders.
[2020.04.11-12.16.29:896][  0]LogContentBrowser: Native class hierarchy updated for 'AddContentDialog' in 0.0002 seconds. Added 0 classes and 0 folders.
[2020.04.11-12.16.29:936][  0]LogContentBrowser: Native class hierarchy updated for 'SceneOutliner' in 0.0002 seconds. Added 2 classes and 3 folders.
[2020.04.11-12.16.30:423][  0]LogSlate: Window 'Tutorials' being destroyed
[2020.04.11-12.16.30:475][  0]LogContentBrowser: Native class hierarchy updated for 'HierarchicalLODOutliner' in 0.0002 seconds. Added 0 classes and 0 folders.
[2020.04.11-12.16.30:475][  0]LogLoad: (Engine Initialization) Total time: 9.01 seconds
[2020.04.11-12.16.30:475][  0]LogLoad: (Engine Initialization) Total Blueprint compile time: 0.00 seconds
[2020.04.11-12.16.30:576][  0]LogContentStreaming: Texture pool size now 1000 MB
[2020.04.11-12.16.30:576][  0]LogSlate: Took 0.000103 seconds to synchronously load lazily loaded font '../../../Engine/Content/Slate/Fonts/Roboto-Regular.ttf' (155K)
[2020.04.11-12.16.30:577][  0]LogSlate: Took 0.000081 seconds to synchronously load lazily loaded font '../../../Engine/Content/Slate/Fonts/Roboto-Bold.ttf' (160K)
[2020.04.11-12.16.30:613][  0]LogSlate: Took 0.025858 seconds to synchronously load lazily loaded font '../../../Engine/Content/Editor/Slate/Fonts/FontAwesome.ttf' (139K)
[2020.04.11-12.16.30:993][  1]LogRenderer: Reallocating scene render targets to support 804x360 Format 10 NumSamples 1 (Frame:1).
[2020.04.11-12.16.31:142][  1]LogAssetRegistry: Asset discovery search completed in 7.3648 seconds
[2020.04.11-12.16.31:144][  1]LogCollectionManager: Fixed up redirectors for 0 collections in 0.000006 seconds (updated 0 objects)
[2020.04.11-12.16.50:861][266]LogTemp: Repeating last play command: Selected Viewport
[2020.04.11-12.16.50:905][266]LogBlueprintUserMessages: Early PlayInEditor Detection: Level '/Game/ThirdPersonBP/Maps/ThirdPersonExampleMap.ThirdPersonExampleMap:PersistentLevel' has LevelScriptBlueprint '/Game/ThirdPersonBP/Maps/ThirdPersonExampleMap.ThirdPersonExampleMap:PersistentLevel.ThirdPersonExampleMap' with GeneratedClass '/Game/ThirdPersonBP/Maps/ThirdPersonExampleMap.ThirdPersonExampleMap_C' with ClassGeneratedBy '/Game/ThirdPersonBP/Maps/ThirdPersonExampleMap.ThirdPersonExampleMap:PersistentLevel.ThirdPersonExampleMap'
[2020.04.11-12.16.51:080][266]LogPlayLevel: PlayLevel: No blueprints needed recompiling
[2020.04.11-12.16.51:200][266]PIE: New page: PIE session: ThirdPersonExampleMap (11 апр. 2020 г., 18:16:51)
[2020.04.11-12.16.51:236][266]LogOnline: OSS: Creating online subsystem instance for: NULL
[2020.04.11-12.16.51:277][266]LogOnline: OSS: TryLoadSubsystemAndSetDefault: Loaded subsystem for module [NULL]
[2020.04.11-12.16.51:322][266]LogPlayLevel: Creating play world package: /Game/ThirdPersonBP/Maps/UEDPIE_1_ThirdPersonExampleMap
[2020.04.11-12.16.51:401][266]LogPlayLevel: PIE: StaticDuplicateObject took: (0.078254s)
[2020.04.11-12.16.51:436][266]LogAIModule: Creating AISystem for world ThirdPersonExampleMap
[2020.04.11-12.16.51:437][266]LogPlayLevel: PIE: World Init took: (0.035585s)
[2020.04.11-12.16.51:437][266]LogPlayLevel: PIE: Created PIE world by copying editor world from /Game/ThirdPersonBP/Maps/ThirdPersonExampleMap.ThirdPersonExampleMap to /Game/ThirdPersonBP/Maps/UEDPIE_1_ThirdPersonExampleMap.ThirdPersonExampleMap (0.114120s)
[2020.04.11-12.16.51:462][266]LogUObjectHash: Compacting FUObjectHashTables data took   1.03ms
[2020.04.11-12.16.51:498][266]LogAudioMixer: Display: Audio Mixer Platform Settings:
[2020.04.11-12.16.51:498][266]LogAudioMixer: Display: 	Sample Rate:						  48000
[2020.04.11-12.16.51:498][266]LogAudioMixer: Display: 	Callback Buffer Frame Size Requested: 1024
[2020.04.11-12.16.51:498][266]LogAudioMixer: Display: 	Callback Buffer Frame Size To Use:	  1024
[2020.04.11-12.16.51:498][266]LogAudioMixer: Display: 	Number of buffers to queue:			  2
[2020.04.11-12.16.51:498][266]LogAudioMixer: Display: 	Max Channels (voices):				  32
[2020.04.11-12.16.51:498][266]LogAudioMixer: Display: 	Number of Async Source Workers:		  0
[2020.04.11-12.16.51:498][266]LogAudio: Display: AudioDevice MaxSources: 32
[2020.04.11-12.16.51:499][266]LogAudio: Display: Using built-in audio occlusion.
[2020.04.11-12.16.51:499][266]LogAudioMixer: Display: Initializing audio mixer.
[2020.04.11-12.16.51:513][266]LogAudioMixer: Display: Audio Device Output Speaker Info:
[2020.04.11-12.16.51:513][266]LogAudioMixer: Display: Name: VG271U (2- NVIDIA High Definition Audio)
[2020.04.11-12.16.51:513][266]LogAudioMixer: Display: Is Default: Yes
[2020.04.11-12.16.51:513][266]LogAudioMixer: Display: Sample Rate: 48000
[2020.04.11-12.16.51:513][266]LogAudioMixer: Display: Channel Count Used: 2
[2020.04.11-12.16.51:513][266]LogAudioMixer: Display: Device Channel Count: 2
[2020.04.11-12.16.51:513][266]LogAudioMixer: Display: Channel Order:
[2020.04.11-12.16.51:513][266]LogAudioMixer: Display: 0: FrontLeft
[2020.04.11-12.16.51:513][266]LogAudioMixer: Display: 1: FrontRight
[2020.04.11-12.16.51:522][266]LogAudioMixer: Display: Using Audio Device VG271U (2- NVIDIA High Definition Audio)
[2020.04.11-12.16.51:523][266]LogInit: FAudioDevice initialized.
[2020.04.11-12.16.51:680][266]LogLoad: Game class is 'ThirdPersonGameMode_C'
[2020.04.11-12.16.51:888][266]LogWorld: Bringing World /Game/ThirdPersonBP/Maps/UEDPIE_1_ThirdPersonExampleMap.ThirdPersonExampleMap up for play (max tick rate 0) at 2020.04.11-15.16.51
[2020.04.11-12.16.52:041][266]LogWorld: Bringing up level for play took: 0.153898
[2020.04.11-12.16.52:043][266]LogOnline: OSS: Creating online subsystem instance for: :Context_2
[2020.04.11-12.16.52:695][266]LogContentBrowser: Native class hierarchy updated for 'MovieSceneCapture' in 0.0003 seconds. Added 20 classes and 0 folders.
[2020.04.11-12.16.52:699][266]LogNet: ReplicationDriverClass is null! Not using ReplicationDriver.
[2020.04.11-12.16.52:699][266]LogNetCore: DDoS detection status: detection enabled: 0 analytics enabled: 0
[2020.04.11-12.16.52:729][266]LogInit: WinSock: I am DESKTOP-R124MSG (192.168.0.105:0)
[2020.04.11-12.16.52:730][266]LogInit: WinSock: Socket queue. Rx: 131072 (config 131072) Tx: 131072 (config 131072)
[2020.04.11-12.16.52:760][266]PacketHandlerLog: Loaded PacketHandler component: Engine.EngineHandlerComponentFactory (StatelessConnectHandlerComponent)
[2020.04.11-12.16.52:797][266]LogNet: GameNetDriver IpNetDriver_0 IpNetDriver listening on port 17777
[2020.04.11-12.16.52:833][266]PIE: Play in editor start time for /Game/ThirdPersonBP/Maps/UEDPIE_1_ThirdPersonExampleMap 0,632
[2020.04.11-12.16.52:862][266]LogSlate: Updating window title bar state: overlay mode, drag disabled, window buttons hidden, title bar hidden
[2020.04.11-12.16.52:865][266]LogNet: Browse: 127.0.0.1:17777//Game/ThirdPersonBP/Maps/ThirdPersonExampleMap
[2020.04.11-12.16.52:866][266]LogInit: WinSock: Socket queue. Rx: 32768 (config 32768) Tx: 32768 (config 32768)
[2020.04.11-12.16.52:867][266]PacketHandlerLog: Loaded PacketHandler component: Engine.EngineHandlerComponentFactory (StatelessConnectHandlerComponent)
[2020.04.11-12.16.52:902][266]LogNet: Game client on port 17777, rate 10000
[2020.04.11-12.16.52:942][266]PIE: Play in editor start time for /Game/ThirdPersonBP/Maps/ThirdPersonExampleMap 0,742
[2020.04.11-12.16.52:946][266]LogBlueprintUserMessages: Late PlayInEditor Detection: Level '/Game/ThirdPersonBP/Maps/ThirdPersonExampleMap.ThirdPersonExampleMap:PersistentLevel' has LevelScriptBlueprint '/Game/ThirdPersonBP/Maps/ThirdPersonExampleMap.ThirdPersonExampleMap:PersistentLevel.ThirdPersonExampleMap' with GeneratedClass '/Game/ThirdPersonBP/Maps/ThirdPersonExampleMap.ThirdPersonExampleMap_C' with ClassGeneratedBy '/Game/ThirdPersonBP/Maps/ThirdPersonExampleMap.ThirdPersonExampleMap:PersistentLevel.ThirdPersonExampleMap'
[2020.04.11-12.16.52:948][266]LogNet: NotifyAcceptingConnection accepted from: 127.0.0.1:60929
[2020.04.11-12.16.52:949][266]LogHandshake: SendConnectChallenge. Timestamp: 0.008334, Cookie: 161112244055227229028143061117101075130103163212008185133038
[2020.04.11-12.16.53:027][266]LogHandshake: SendChallengeResponse. Timestamp: 0.008334, Cookie: 161112244055227229028143061117101075130103163212008185133038
[2020.04.11-12.16.53:068][267]LogNet: NotifyAcceptingConnection accepted from: 127.0.0.1:60929
[2020.04.11-12.16.53:068][267]LogHandshake: SendChallengeAck. InCookie: 161112244055227229028143061117101075130103163212008185133038
[2020.04.11-12.16.53:068][267]LogNet: Server accepting post-challenge connection from: 127.0.0.1:60929
[2020.04.11-12.16.53:068][267]PacketHandlerLog: Loaded PacketHandler component: Engine.EngineHandlerComponentFactory (StatelessConnectHandlerComponent)
[2020.04.11-12.16.53:068][267]LogNet: NotifyAcceptedConnection: Name: ThirdPersonExampleMap, TimeStamp: 04/11/20 15:16:53, [UNetConnection] RemoteAddr: 127.0.0.1:60929, Name: IpConnection_1, Driver: GameNetDriver IpNetDriver_0, IsServer: YES, PC: NULL, Owner: NULL, UniqueId: INVALID
[2020.04.11-12.16.53:069][267]LogNet: AddClientConnection: Added client connection: [UNetConnection] RemoteAddr: 127.0.0.1:60929, Name: IpConnection_1, Driver: GameNetDriver IpNetDriver_0, IsServer: YES, PC: NULL, Owner: NULL, UniqueId: INVALID
[2020.04.11-12.16.53:070][267]LogNetVersion: Pyshka_Gonka 1.0.0.0, NetCL: 10570792, EngineNetVer: 13, GameNetVer: 0 (Checksum: 2985545067)
[2020.04.11-12.16.53:070][267]LogNet: UPendingNetGame::SendInitialJoin: Sending hello. [UNetConnection] RemoteAddr: 127.0.0.1:17777, Name: IpConnection_0, Driver: PendingNetDriver IpNetDriver_1, IsServer: NO, PC: NULL, Owner: NULL, UniqueId: INVALID
[2020.04.11-12.16.53:090][268]LogNet: NotifyAcceptingChannel Control 0 server World /Game/ThirdPersonBP/Maps/UEDPIE_1_ThirdPersonExampleMap.ThirdPersonExampleMap: Accepted
[2020.04.11-12.16.53:091][268]LogNet: Remote platform little endian=1
[2020.04.11-12.16.53:091][268]LogNet: This platform little endian=1
[2020.04.11-12.16.53:094][268]LogOnline: OSS: Creating online subsystem instance for: :Context_3
[2020.04.11-12.16.53:099][269]LogNet: Login request: /Game/ThirdPersonBP/Maps/ThirdPersonExampleMap?Name=DESKTOP-R124MSG-46A82ABD431537F6ACEE589F07CE2F23 userId: NULL:DESKTOP-R124MSG-46A82ABD431537F6ACEE589F07CE2F23 platform: NULL
[2020.04.11-12.16.53:100][269]LogNet: Welcomed by server (Level: /Game/ThirdPersonBP/Maps/UEDPIE_1_ThirdPersonExampleMap, Game: /Game/ThirdPersonBP/Blueprints/ThirdPersonGameMode.ThirdPersonGameMode_C)
[2020.04.11-12.16.53:100][269]LogLoad: LoadMap: 127.0.0.1:17777//Game/ThirdPersonBP/Maps/UEDPIE_1_ThirdPersonExampleMap?game=/Game/ThirdPersonBP/Blueprints/ThirdPersonGameMode.ThirdPersonGameMode_C
[2020.04.11-12.16.53:100][269]LogWorld: BeginTearingDown for /Temp/Untitled_1
[2020.04.11-12.16.53:100][269]LogWorld: UWorld::CleanupWorld for Untitled, bSessionEnded=true, bCleanupResources=true
[2020.04.11-12.16.53:100][269]LogSlate: InvalidateAllWidgets triggered.  All widgets were invalidated
[2020.04.11-12.16.53:100][269]LogAudioMixer: Display: No commands were queued while flushing the source manager.
[2020.04.11-12.16.53:123][269]LogUObjectHash: Compacting FUObjectHashTables data took   1.45ms
[2020.04.11-12.16.53:135][269]LogAIModule: Creating AISystem for world ThirdPersonExampleMap
[2020.04.11-12.16.53:137][269]LogWorld: Bringing World /Game/ThirdPersonBP/Maps/UEDPIE_2_ThirdPersonExampleMap.ThirdPersonExampleMap up for play (max tick rate 0) at 2020.04.11-15.16.53
[2020.04.11-12.16.53:137][269]LogWorld: Bringing up level for play took: 0.001144
[2020.04.11-12.16.53:141][269]LogLoad: Took 0.041223 seconds to LoadMap(/Game/ThirdPersonBP/Maps/UEDPIE_1_ThirdPersonExampleMap)
[2020.04.11-12.16.53:147][270]LogNet: Client netspeed is 10000
[2020.04.11-12.16.53:147][270]LogNet: Join request: /Game/ThirdPersonBP/Maps/ThirdPersonExampleMap?Name=DESKTOP-R124MSG-46A82ABD431537F6ACEE589F07CE2F23?SplitscreenCount=1
[2020.04.11-12.16.53:147][270]LogOnlineSession: Warning: OSS: No game present to join for session (GameSession)
[2020.04.11-12.16.53:219][270]LogRenderer: Reallocating scene render targets to support 1280x720 Format 10 NumSamples 1 (Frame:1).
[2020.04.11-12.16.53:219][270]LogNet: Join succeeded: DESKTOP-R124MSG-46A8
[2020.04.11-12.16.53:512][301]LogOnlineSession: Warning: OSS: No game present to join for session (GameSession)
[2020.04.11-12.16.53:554][306]LogOnlineSession: Warning: OSS: No game present to join for session (GameSession)
[2020.04.11-12.17.03:093][438]LogBlueprintUserMessages: [ThirdPersonCharacter_167] Server: Server changed the mesh
[2020.04.11-12.17.03:597][498]LogBlueprintUserMessages: [ThirdPersonCharacter_167] Server: Server changed the mesh
[2020.04.11-12.17.39:179][695]LogBlueprintUserMessages: [ThirdPersonCharacter_C_0] Client 1: Client changed the mesh
[2020.04.11-12.17.40:339][834]LogBlueprintUserMessages: [ThirdPersonCharacter_C_0] Client 1: Client changed the mesh
[2020.04.11-12.17.42:755][124]LogBlueprintUserMessages: [ThirdPersonCharacter_C_0] Client 1: Client changed the mesh
[2020.04.11-12.17.45:222][420]LogBlueprintUserMessages: [ThirdPersonCharacter_C_0] Client 1: Client changed the mesh
[2020.04.11-12.17.45:472][450]LogBlueprintUserMessages: [ThirdPersonCharacter_C_0] Client 1: Client changed the mesh
[2020.04.11-12.17.45:722][480]LogBlueprintUserMessages: [ThirdPersonCharacter_C_0] Client 1: Client changed the mesh
[2020.04.11-12.17.46:222][540]LogBlueprintUserMessages: [ThirdPersonCharacter_C_0] Client 1: Client changed the mesh
[2020.04.11-12.17.46:455][568]LogBlueprintUserMessages: [ThirdPersonCharacter_C_0] Client 1: Client changed the mesh
[2020.04.11-12.17.46:680][595]LogBlueprintUserMessages: [ThirdPersonCharacter_C_0] Client 1: Client changed the mesh
[2020.04.11-12.17.46:914][623]LogBlueprintUserMessages: [ThirdPersonCharacter_C_0] Client 1: Client changed the mesh
[2020.04.11-12.17.47:139][650]LogBlueprintUserMessages: [ThirdPersonCharacter_C_0] Client 1: Client changed the mesh
[2020.04.11-12.17.47:447][687]LogBlueprintUserMessages: [ThirdPersonCharacter_C_0] Client 1: Client changed the mesh
[2020.04.11-12.17.47:714][719]LogBlueprintUserMessages: [ThirdPersonCharacter_C_0] Client 1: Client changed the mesh
[2020.04.11-12.17.47:972][750]LogBlueprintUserMessages: [ThirdPersonCharacter_C_0] Client 1: Client changed the mesh
[2020.04.11-12.17.48:197][777]LogBlueprintUserMessages: [ThirdPersonCharacter_C_0] Client 1: Client changed the mesh
[2020.04.11-12.17.48:447][807]LogBlueprintUserMessages: [ThirdPersonCharacter_C_0] Client 1: Client changed the mesh
[2020.04.11-12.18.00:219][217]LogBlueprintUserMessages: [ThirdPersonCharacter_C_0] Client 1: Client changed the mesh
[2020.04.11-12.18.00:510][252]LogBlueprintUserMessages: [ThirdPersonCharacter_C_0] Client 1: Client changed the mesh
[2020.04.11-12.18.00:752][281]LogBlueprintUserMessages: [ThirdPersonCharacter_C_0] Client 1: Client changed the mesh
[2020.04.11-12.18.02:127][446]LogBlueprintUserMessages: [ThirdPersonCharacter_C_0] Client 1: Client changed the mesh
[2020.04.11-12.18.02:327][470]LogBlueprintUserMessages: [ThirdPersonCharacter_C_0] Client 1: Client changed the mesh
[2020.04.11-12.18.02:552][497]LogBlueprintUserMessages: [ThirdPersonCharacter_C_0] Client 1: Client changed the mesh
[2020.04.11-12.18.02:752][521]LogBlueprintUserMessages: [ThirdPersonCharacter_C_0] Client 1: Client changed the mesh
[2020.04.11-12.18.02:952][545]LogBlueprintUserMessages: [ThirdPersonCharacter_C_0] Client 1: Client changed the mesh
[2020.04.11-12.18.03:177][572]LogBlueprintUserMessages: [ThirdPersonCharacter_C_0] Client 1: Client changed the mesh
[2020.04.11-12.18.03:411][600]LogBlueprintUserMessages: [ThirdPersonCharacter_C_0] Client 1: Client changed the mesh
[2020.04.11-12.18.03:669][631]LogBlueprintUserMessages: [ThirdPersonCharacter_C_0] Client 1: Client changed the mesh
[2020.04.11-12.18.04:036][675]LogBlueprintUserMessages: [ThirdPersonCharacter_C_0] Client 1: Client changed the mesh
[2020.04.11-12.18.04:711][756]LogBlueprintUserMessages: [ThirdPersonCharacter_C_0] Client 1: Client changed the mesh
[2020.04.11-12.18.05:127][806]LogBlueprintUserMessages: [ThirdPersonCharacter_C_0] Client 1: Client changed the mesh
[2020.04.11-12.18.06:077][920]LogBlueprintUserMessages: [ThirdPersonCharacter_C_0] Client 1: Client changed the mesh
[2020.04.11-12.18.09:987][388]LogAudioMixer: Display: Flush succeeded in the source manager command queue (1).
[2020.04.11-12.18.10:007][388]LogAudioMixer: Display: Flush succeeded the source manager command queue (2).
[2020.04.11-12.18.10:007][388]LogAudioMixer: Display: No commands were queued while flushing the source manager.
[2020.04.11-12.18.10:007][388]LogBlueprintUserMessages: Early EndPlayMap Detection: Level '/Game/ThirdPersonBP/Maps/ThirdPersonExampleMap.ThirdPersonExampleMap:PersistentLevel' has LevelScriptBlueprint '/Game/ThirdPersonBP/Maps/ThirdPersonExampleMap.ThirdPersonExampleMap:PersistentLevel.ThirdPersonExampleMap' with GeneratedClass '/Game/ThirdPersonBP/Maps/ThirdPersonExampleMap.ThirdPersonExampleMap_C' with ClassGeneratedBy '/Game/ThirdPersonBP/Maps/ThirdPersonExampleMap.ThirdPersonExampleMap:PersistentLevel.ThirdPersonExampleMap'
[2020.04.11-12.18.10:008][388]LogSlate: Updating window title bar state: overlay mode, drag disabled, window buttons hidden, title bar hidden
[2020.04.11-12.18.10:008][388]LogWorld: BeginTearingDown for /Game/ThirdPersonBP/Maps/UEDPIE_2_ThirdPersonExampleMap
[2020.04.11-12.18.10:019][388]LogSlate: Window 'Pyshka_Gonka Game Preview Client 1 (64-bit/PCD3D_SM5)' being destroyed
[2020.04.11-12.18.10:068][388]LogAudioMixer: Display: No commands were queued while flushing the source manager.
[2020.04.11-12.18.10:068][388]LogWorld: UWorld::CleanupWorld for ThirdPersonExampleMap, bSessionEnded=true, bCleanupResources=true
[2020.04.11-12.18.10:105][388]LogSlate: InvalidateAllWidgets triggered.  All widgets were invalidated
[2020.04.11-12.18.10:110][388]LogNet: World NetDriver shutdown IpNetDriver_1 [GameNetDriver]
[2020.04.11-12.18.10:110][388]LogNet: DestroyNamedNetDriver IpNetDriver_1 [GameNetDriver]
[2020.04.11-12.18.10:110][388]LogNet: UNetConnection::Close: [UNetConnection] RemoteAddr: 127.0.0.1:17777, Name: IpConnection_0, Driver: GameNetDriver IpNetDriver_1, IsServer: NO, PC: PlayerController_1, Owner: PlayerController_1, UniqueId: NULL:DESKTOP-R124MSG-46A82ABD431537F6ACEE589F07CE2F23, Channels: 12, Time: 2020.04.11-12.18.10
[2020.04.11-12.18.10:110][388]LogNet: UChannel::Close: Sending CloseBunch. ChIndex == 0. Name: [UChannel] ChIndex: 0, Closing: 0 [UNetConnection] RemoteAddr: 127.0.0.1:17777, Name: IpConnection_0, Driver: GameNetDriver IpNetDriver_1, IsServer: NO, PC: PlayerController_1, Owner: PlayerController_1, UniqueId: NULL:DESKTOP-R124MSG-46A82ABD431537F6ACEE589F07CE2F23
[2020.04.11-12.18.10:129][388]LogExit: GameNetDriver IpNetDriver_1 shut down
[2020.04.11-12.18.10:129][388]LogWorld: BeginTearingDown for /Game/ThirdPersonBP/Maps/UEDPIE_1_ThirdPersonExampleMap
[2020.04.11-12.18.10:129][388]LogOnlineSession: Warning: OSS: No game present to leave for session (GameSession)
[2020.04.11-12.18.10:130][388]LogSlate: Updating window title bar state: overlay mode, drag disabled, window buttons hidden, title bar hidden
[2020.04.11-12.18.10:130][388]LogAudioMixer: Display: No commands were queued while flushing the source manager.
[2020.04.11-12.18.10:130][388]LogWorld: UWorld::CleanupWorld for ThirdPersonExampleMap, bSessionEnded=true, bCleanupResources=true
[2020.04.11-12.18.10:130][388]LogSlate: InvalidateAllWidgets triggered.  All widgets were invalidated
[2020.04.11-12.18.10:138][388]LogNet: World NetDriver shutdown IpNetDriver_0 [GameNetDriver]
[2020.04.11-12.18.10:138][388]LogNet: DestroyNamedNetDriver IpNetDriver_0 [GameNetDriver]
[2020.04.11-12.18.10:138][388]LogNet: UNetConnection::Cleanup: Closing open connection. [UNetConnection] RemoteAddr: 127.0.0.1:60929, Name: IpConnection_1, Driver: GameNetDriver IpNetDriver_0, IsServer: YES, PC: PlayerController_1, Owner: PlayerController_1, UniqueId: NULL:DESKTOP-R124MSG-46A82ABD431537F6ACEE589F07CE2F23
[2020.04.11-12.18.10:138][388]LogNet: UNetConnection::Close: [UNetConnection] RemoteAddr: 127.0.0.1:60929, Name: IpConnection_1, Driver: GameNetDriver IpNetDriver_0, IsServer: YES, PC: PlayerController_1, Owner: PlayerController_1, UniqueId: NULL:DESKTOP-R124MSG-46A82ABD431537F6ACEE589F07CE2F23, Channels: 12, Time: 2020.04.11-12.18.10
[2020.04.11-12.18.10:138][388]LogNet: UChannel::Close: Sending CloseBunch. ChIndex == 0. Name: [UChannel] ChIndex: 0, Closing: 0 [UNetConnection] RemoteAddr: 127.0.0.1:60929, Name: IpConnection_1, Driver: GameNetDriver IpNetDriver_0, IsServer: YES, PC: PlayerController_1, Owner: PlayerController_1, UniqueId: NULL:DESKTOP-R124MSG-46A82ABD431537F6ACEE589F07CE2F23
[2020.04.11-12.18.10:139][388]LogExit: GameNetDriver IpNetDriver_0 shut down
[2020.04.11-12.18.10:139][388]LogPlayLevel: Display: Shutting down PIE online subsystems
[2020.04.11-12.18.10:139][388]LogBlueprintUserMessages: Late EndPlayMap Detection: Level '/Game/ThirdPersonBP/Maps/ThirdPersonExampleMap.ThirdPersonExampleMap:PersistentLevel' has LevelScriptBlueprint '/Game/ThirdPersonBP/Maps/ThirdPersonExampleMap.ThirdPersonExampleMap:PersistentLevel.ThirdPersonExampleMap' with GeneratedClass '/Game/ThirdPersonBP/Maps/ThirdPersonExampleMap.ThirdPersonExampleMap_C' with ClassGeneratedBy '/Game/ThirdPersonBP/Maps/ThirdPersonExampleMap.ThirdPersonExampleMap:PersistentLevel.ThirdPersonExampleMap'
[2020.04.11-12.18.10:142][388]LogSlate: InvalidateAllWidgets triggered.  All widgets were invalidated
[2020.04.11-12.18.10:164][388]LogAudioMixer: Display: No commands were queued while flushing the source manager.
[2020.04.11-12.18.10:168][388]LogSlate: Updating window title bar state: overlay mode, drag disabled, window buttons hidden, title bar hidden
[2020.04.11-12.18.10:171][388]LogUObjectHash: Compacting FUObjectHashTables data took   1.40ms
[2020.04.11-12.18.10:182][389]LogPlayLevel: Display: Destroying online subsystem :Context_3
[2020.04.11-12.18.10:182][389]LogPlayLevel: Display: Destroying online subsystem :Context_2
[2020.04.11-12.18.17:089][196]LogTemp: Repeating last play command: Selected Viewport
[2020.04.11-12.18.17:100][196]LogBlueprintUserMessages: Early PlayInEditor Detection: Level '/Game/ThirdPersonBP/Maps/ThirdPersonExampleMap.ThirdPersonExampleMap:PersistentLevel' has LevelScriptBlueprint '/Game/ThirdPersonBP/Maps/ThirdPersonExampleMap.ThirdPersonExampleMap:PersistentLevel.ThirdPersonExampleMap' with GeneratedClass '/Game/ThirdPersonBP/Maps/ThirdPersonExampleMap.ThirdPersonExampleMap_C' with ClassGeneratedBy '/Game/ThirdPersonBP/Maps/ThirdPersonExampleMap.ThirdPersonExampleMap:PersistentLevel.ThirdPersonExampleMap'
[2020.04.11-12.18.17:100][196]LogPlayLevel: PlayLevel: No blueprints needed recompiling
[2020.04.11-12.18.17:100][196]PIE: New page: PIE session: ThirdPersonExampleMap (11 апр. 2020 г., 18:18:17)
[2020.04.11-12.18.17:100][196]LogPlayLevel: Creating play world package: /Game/ThirdPersonBP/Maps/UEDPIE_1_ThirdPersonExampleMap
[2020.04.11-12.18.17:109][196]LogPlayLevel: PIE: StaticDuplicateObject took: (0.008344s)
[2020.04.11-12.18.17:109][196]LogAIModule: Creating AISystem for world ThirdPersonExampleMap
[2020.04.11-12.18.17:110][196]LogPlayLevel: PIE: World Init took: (0.001351s)
[2020.04.11-12.18.17:110][196]LogPlayLevel: PIE: Created PIE world by copying editor world from /Game/ThirdPersonBP/Maps/ThirdPersonExampleMap.ThirdPersonExampleMap to /Game/ThirdPersonBP/Maps/UEDPIE_1_ThirdPersonExampleMap.ThirdPersonExampleMap (0.009825s)
[2020.04.11-12.18.17:135][196]LogUObjectHash: Compacting FUObjectHashTables data took   1.18ms
[2020.04.11-12.18.17:136][196]LogAudioMixer: Display: Audio Mixer Platform Settings:
[2020.04.11-12.18.17:136][196]LogAudioMixer: Display: 	Sample Rate:						  48000
[2020.04.11-12.18.17:136][196]LogAudioMixer: Display: 	Callback Buffer Frame Size Requested: 1024
[2020.04.11-12.18.17:136][196]LogAudioMixer: Display: 	Callback Buffer Frame Size To Use:	  1024
[2020.04.11-12.18.17:136][196]LogAudioMixer: Display: 	Number of buffers to queue:			  2
[2020.04.11-12.18.17:136][196]LogAudioMixer: Display: 	Max Channels (voices):				  32
[2020.04.11-12.18.17:136][196]LogAudioMixer: Display: 	Number of Async Source Workers:		  0
[2020.04.11-12.18.17:136][196]LogAudio: Display: AudioDevice MaxSources: 32
[2020.04.11-12.18.17:136][196]LogAudio: Display: Using built-in audio occlusion.
[2020.04.11-12.18.17:136][196]LogAudioMixer: Display: Initializing audio mixer.
[2020.04.11-12.18.17:151][196]LogAudioMixer: Display: Audio Device Output Speaker Info:
[2020.04.11-12.18.17:151][196]LogAudioMixer: Display: Name: VG271U (2- NVIDIA High Definition Audio)
[2020.04.11-12.18.17:151][196]LogAudioMixer: Display: Is Default: Yes
[2020.04.11-12.18.17:151][196]LogAudioMixer: Display: Sample Rate: 48000
[2020.04.11-12.18.17:151][196]LogAudioMixer: Display: Channel Count Used: 2
[2020.04.11-12.18.17:151][196]LogAudioMixer: Display: Device Channel Count: 2
[2020.04.11-12.18.17:151][196]LogAudioMixer: Display: Channel Order:
[2020.04.11-12.18.17:151][196]LogAudioMixer: Display: 0: FrontLeft
[2020.04.11-12.18.17:151][196]LogAudioMixer: Display: 1: FrontRight
[2020.04.11-12.18.17:159][196]LogAudioMixer: Display: Using Audio Device VG271U (2- NVIDIA High Definition Audio)
[2020.04.11-12.18.17:160][196]LogInit: FAudioDevice initialized.
[2020.04.11-12.18.17:167][196]LogLoad: Game class is 'ThirdPersonGameMode_C'
[2020.04.11-12.18.17:169][196]LogWorld: Bringing World /Game/ThirdPersonBP/Maps/UEDPIE_1_ThirdPersonExampleMap.ThirdPersonExampleMap up for play (max tick rate 0) at 2020.04.11-15.18.17
[2020.04.11-12.18.17:169][196]LogWorld: Bringing up level for play took: 0.001131
[2020.04.11-12.18.17:169][196]LogOnline: OSS: Creating online subsystem instance for: :Context_4
[2020.04.11-12.18.17:170][196]LogNet: ReplicationDriverClass is null! Not using ReplicationDriver.
[2020.04.11-12.18.17:170][196]LogNetCore: DDoS detection status: detection enabled: 0 analytics enabled: 0
[2020.04.11-12.18.17:171][196]LogInit: WinSock: Socket queue. Rx: 131072 (config 131072) Tx: 131072 (config 131072)
[2020.04.11-12.18.17:171][196]PacketHandlerLog: Loaded PacketHandler component: Engine.EngineHandlerComponentFactory (StatelessConnectHandlerComponent)
[2020.04.11-12.18.17:171][196]LogNet: GameNetDriver IpNetDriver_2 IpNetDriver listening on port 17777
[2020.04.11-12.18.17:171][196]PIE: Play in editor start time for /Game/ThirdPersonBP/Maps/UEDPIE_1_ThirdPersonExampleMap 0,97
[2020.04.11-12.18.17:195][196]LogSlate: Updating window title bar state: overlay mode, drag disabled, window buttons hidden, title bar hidden
[2020.04.11-12.18.17:195][196]LogNet: Browse: 127.0.0.1:17777//Game/ThirdPersonBP/Maps/ThirdPersonExampleMap
[2020.04.11-12.18.17:195][196]LogInit: WinSock: Socket queue. Rx: 32768 (config 32768) Tx: 32768 (config 32768)
[2020.04.11-12.18.17:196][196]PacketHandlerLog: Loaded PacketHandler component: Engine.EngineHandlerComponentFactory (StatelessConnectHandlerComponent)
[2020.04.11-12.18.17:196][196]LogNet: Game client on port 17777, rate 10000
[2020.04.11-12.18.17:197][196]PIE: Play in editor start time for /Game/ThirdPersonBP/Maps/ThirdPersonExampleMap 0,996
[2020.04.11-12.18.17:201][196]LogBlueprintUserMessages: Late PlayInEditor Detection: Level '/Game/ThirdPersonBP/Maps/ThirdPersonExampleMap.ThirdPersonExampleMap:PersistentLevel' has LevelScriptBlueprint '/Game/ThirdPersonBP/Maps/ThirdPersonExampleMap.ThirdPersonExampleMap:PersistentLevel.ThirdPersonExampleMap' with GeneratedClass '/Game/ThirdPersonBP/Maps/ThirdPersonExampleMap.ThirdPersonExampleMap_C' with ClassGeneratedBy '/Game/ThirdPersonBP/Maps/ThirdPersonExampleMap.ThirdPersonExampleMap:PersistentLevel.ThirdPersonExampleMap'
[2020.04.11-12.18.17:201][196]LogNet: NotifyAcceptingConnection accepted from: 127.0.0.1:56976
[2020.04.11-12.18.17:201][196]LogHandshake: SendConnectChallenge. Timestamp: 0.008333, Cookie: 219179234224019180196183097080252053001115248177066205235216
[2020.04.11-12.18.17:202][196]LogHandshake: SendChallengeResponse. Timestamp: 0.008333, Cookie: 219179234224019180196183097080252053001115248177066205235216
[2020.04.11-12.18.17:229][197]LogNet: NotifyAcceptingConnection accepted from: 127.0.0.1:56976
[2020.04.11-12.18.17:229][197]LogHandshake: SendChallengeAck. InCookie: 219179234224019180196183097080252053001115248177066205235216
[2020.04.11-12.18.17:229][197]LogNet: Server accepting post-challenge connection from: 127.0.0.1:56976
[2020.04.11-12.18.17:230][197]PacketHandlerLog: Loaded PacketHandler component: Engine.EngineHandlerComponentFactory (StatelessConnectHandlerComponent)
[2020.04.11-12.18.17:230][197]LogNet: NotifyAcceptedConnection: Name: ThirdPersonExampleMap, TimeStamp: 04/11/20 15:18:17, [UNetConnection] RemoteAddr: 127.0.0.1:56976, Name: IpConnection_3, Driver: GameNetDriver IpNetDriver_2, IsServer: YES, PC: NULL, Owner: NULL, UniqueId: INVALID
[2020.04.11-12.18.17:230][197]LogNet: AddClientConnection: Added client connection: [UNetConnection] RemoteAddr: 127.0.0.1:56976, Name: IpConnection_3, Driver: GameNetDriver IpNetDriver_2, IsServer: YES, PC: NULL, Owner: NULL, UniqueId: INVALID
[2020.04.11-12.18.17:230][197]LogNet: UPendingNetGame::SendInitialJoin: Sending hello. [UNetConnection] RemoteAddr: 127.0.0.1:17777, Name: IpConnection_2, Driver: PendingNetDriver IpNetDriver_3, IsServer: NO, PC: NULL, Owner: NULL, UniqueId: INVALID
[2020.04.11-12.18.17:237][198]LogNet: NotifyAcceptingChannel Control 0 server World /Game/ThirdPersonBP/Maps/UEDPIE_1_ThirdPersonExampleMap.ThirdPersonExampleMap: Accepted
[2020.04.11-12.18.17:237][198]LogNet: Remote platform little endian=1
[2020.04.11-12.18.17:237][198]LogNet: This platform little endian=1
[2020.04.11-12.18.17:238][198]LogOnline: OSS: Creating online subsystem instance for: :Context_5
[2020.04.11-12.18.17:246][199]LogNet: Login request: /Game/ThirdPersonBP/Maps/ThirdPersonExampleMap?Name=DESKTOP-R124MSG-473A34834794F5234B6C3D8AE306A3E8 userId: NULL:DESKTOP-R124MSG-473A34834794F5234B6C3D8AE306A3E8 platform: NULL
[2020.04.11-12.18.17:246][199]LogNet: Welcomed by server (Level: /Game/ThirdPersonBP/Maps/UEDPIE_1_ThirdPersonExampleMap, Game: /Game/ThirdPersonBP/Blueprints/ThirdPersonGameMode.ThirdPersonGameMode_C)
[2020.04.11-12.18.17:246][199]LogLoad: LoadMap: 127.0.0.1:17777//Game/ThirdPersonBP/Maps/UEDPIE_1_ThirdPersonExampleMap?game=/Game/ThirdPersonBP/Blueprints/ThirdPersonGameMode.ThirdPersonGameMode_C
[2020.04.11-12.18.17:246][199]LogWorld: BeginTearingDown for /Temp/Untitled_2
[2020.04.11-12.18.17:246][199]LogWorld: UWorld::CleanupWorld for Untitled, bSessionEnded=true, bCleanupResources=true
[2020.04.11-12.18.17:246][199]LogSlate: InvalidateAllWidgets triggered.  All widgets were invalidated
[2020.04.11-12.18.17:246][199]LogAudioMixer: Display: No commands were queued while flushing the source manager.
[2020.04.11-12.18.17:269][199]LogUObjectHash: Compacting FUObjectHashTables data took   1.19ms
[2020.04.11-12.18.17:278][199]LogAIModule: Creating AISystem for world ThirdPersonExampleMap
[2020.04.11-12.18.17:280][199]LogWorld: Bringing World /Game/ThirdPersonBP/Maps/UEDPIE_2_ThirdPersonExampleMap.ThirdPersonExampleMap up for play (max tick rate 0) at 2020.04.11-15.18.17
[2020.04.11-12.18.17:280][199]LogWorld: Bringing up level for play took: 0.001032
[2020.04.11-12.18.17:280][199]LogLoad: Took 0.033953 seconds to LoadMap(/Game/ThirdPersonBP/Maps/UEDPIE_1_ThirdPersonExampleMap)
[2020.04.11-12.18.17:285][200]LogNet: Client netspeed is 10000
[2020.04.11-12.18.17:285][200]LogNet: Join request: /Game/ThirdPersonBP/Maps/ThirdPersonExampleMap?Name=DESKTOP-R124MSG-473A34834794F5234B6C3D8AE306A3E8?SplitscreenCount=1
[2020.04.11-12.18.17:285][200]LogOnlineSession: Warning: OSS: No game present to join for session (GameSession)
[2020.04.11-12.18.17:287][200]LogNet: Join succeeded: DESKTOP-R124MSG-473A
[2020.04.11-12.18.17:585][235]LogOnlineSession: Warning: OSS: No game present to join for session (GameSession)
[2020.04.11-12.18.17:627][240]LogOnlineSession: Warning: OSS: No game present to join for session (GameSession)
[2020.04.11-12.18.24:094][977]LogBlueprintUserMessages: [ThirdPersonCharacter_C_0] Client 1: Client changed the mesh
[2020.04.11-12.18.24:578][ 35]LogBlueprintUserMessages: [ThirdPersonCharacter_C_0] Client 1: Client changed the mesh
[2020.04.11-12.18.24:802][ 62]LogBlueprintUserMessages: [ThirdPersonCharacter_C_0] Client 1: Client changed the mesh
[2020.04.11-12.18.25:052][ 92]LogBlueprintUserMessages: [ThirdPersonCharacter_C_0] Client 1: Client changed the mesh
[2020.04.11-12.18.25:610][159]LogBlueprintUserMessages: [ThirdPersonCharacter_C_0] Client 1: Client changed the mesh
[2020.04.11-12.18.27:136][342]LogBlueprintUserMessages: [ThirdPersonCharacter_C_0] Client 1: Client changed the mesh
[2020.04.11-12.18.27:477][383]LogBlueprintUserMessages: [ThirdPersonCharacter_C_0] Client 1: Client changed the mesh
[2020.04.11-12.18.30:478][704]LogBlueprintUserMessages: [ThirdPersonCharacter_167] Server: Server changed the mesh
[2020.04.11-12.18.30:986][765]LogBlueprintUserMessages: [ThirdPersonCharacter_167] Server: Server changed the mesh
[2020.04.11-12.18.31:194][790]LogBlueprintUserMessages: [ThirdPersonCharacter_167] Server: Server changed the mesh
[2020.04.11-12.18.31:477][824]LogBlueprintUserMessages: [ThirdPersonCharacter_167] Server: Server changed the mesh
[2020.04.11-12.18.31:710][852]LogBlueprintUserMessages: [ThirdPersonCharacter_167] Server: Server changed the mesh
[2020.04.11-12.18.33:252][ 37]LogBlueprintUserMessages: [ThirdPersonCharacter_167] Server: Server changed the mesh
[2020.04.11-12.18.33:669][ 87]LogBlueprintUserMessages: [ThirdPersonCharacter_167] Server: Server changed the mesh
[2020.04.11-12.18.34:827][226]LogBlueprintUserMessages: [ThirdPersonCharacter_167] Server: Server changed the mesh
[2020.04.11-12.18.47:078][657]LogAudioMixer: Display: No commands were queued while flushing the source manager.
[2020.04.11-12.18.47:078][657]LogAudioMixer: Display: No commands were queued while flushing the source manager.
[2020.04.11-12.18.47:078][657]LogBlueprintUserMessages: Early EndPlayMap Detection: Level '/Game/ThirdPersonBP/Maps/ThirdPersonExampleMap.ThirdPersonExampleMap:PersistentLevel' has LevelScriptBlueprint '/Game/ThirdPersonBP/Maps/ThirdPersonExampleMap.ThirdPersonExampleMap:PersistentLevel.ThirdPersonExampleMap' with GeneratedClass '/Game/ThirdPersonBP/Maps/ThirdPersonExampleMap.ThirdPersonExampleMap_C' with ClassGeneratedBy '/Game/ThirdPersonBP/Maps/ThirdPersonExampleMap.ThirdPersonExampleMap:PersistentLevel.ThirdPersonExampleMap'
[2020.04.11-12.18.47:078][657]LogSlate: Updating window title bar state: overlay mode, drag disabled, window buttons hidden, title bar hidden
[2020.04.11-12.18.47:078][657]LogWorld: BeginTearingDown for /Game/ThirdPersonBP/Maps/UEDPIE_2_ThirdPersonExampleMap
[2020.04.11-12.18.47:088][657]LogSlate: Window 'Pyshka_Gonka Game Preview Client 1 (64-bit/PCD3D_SM5)' being destroyed
[2020.04.11-12.18.47:136][657]LogAudioMixer: Display: No commands were queued while flushing the source manager.
[2020.04.11-12.18.47:136][657]LogWorld: UWorld::CleanupWorld for ThirdPersonExampleMap, bSessionEnded=true, bCleanupResources=true
[2020.04.11-12.18.47:136][657]LogSlate: InvalidateAllWidgets triggered.  All widgets were invalidated
[2020.04.11-12.18.47:139][657]LogNet: World NetDriver shutdown IpNetDriver_3 [GameNetDriver]
[2020.04.11-12.18.47:139][657]LogNet: DestroyNamedNetDriver IpNetDriver_3 [GameNetDriver]
[2020.04.11-12.18.47:139][657]LogNet: UNetConnection::Close: [UNetConnection] RemoteAddr: 127.0.0.1:17777, Name: IpConnection_2, Driver: GameNetDriver IpNetDriver_3, IsServer: NO, PC: PlayerController_1, Owner: PlayerController_1, UniqueId: NULL:DESKTOP-R124MSG-473A34834794F5234B6C3D8AE306A3E8, Channels: 12, Time: 2020.04.11-12.18.47
[2020.04.11-12.18.47:139][657]LogNet: UChannel::Close: Sending CloseBunch. ChIndex == 0. Name: [UChannel] ChIndex: 0, Closing: 0 [UNetConnection] RemoteAddr: 127.0.0.1:17777, Name: IpConnection_2, Driver: GameNetDriver IpNetDriver_3, IsServer: NO, PC: PlayerController_1, Owner: PlayerController_1, UniqueId: NULL:DESKTOP-R124MSG-473A34834794F5234B6C3D8AE306A3E8
[2020.04.11-12.18.47:139][657]LogExit: GameNetDriver IpNetDriver_3 shut down
[2020.04.11-12.18.47:139][657]LogWorld: BeginTearingDown for /Game/ThirdPersonBP/Maps/UEDPIE_1_ThirdPersonExampleMap
[2020.04.11-12.18.47:139][657]LogOnlineSession: Warning: OSS: No game present to leave for session (GameSession)
[2020.04.11-12.18.47:140][657]LogSlate: Updating window title bar state: overlay mode, drag disabled, window buttons hidden, title bar hidden
[2020.04.11-12.18.47:140][657]LogAudioMixer: Display: No commands were queued while flushing the source manager.
[2020.04.11-12.18.47:140][657]LogWorld: UWorld::CleanupWorld for ThirdPersonExampleMap, bSessionEnded=true, bCleanupResources=true
[2020.04.11-12.18.47:140][657]LogSlate: InvalidateAllWidgets triggered.  All widgets were invalidated
[2020.04.11-12.18.47:148][657]LogNet: World NetDriver shutdown IpNetDriver_2 [GameNetDriver]
[2020.04.11-12.18.47:148][657]LogNet: DestroyNamedNetDriver IpNetDriver_2 [GameNetDriver]
[2020.04.11-12.18.47:148][657]LogNet: UNetConnection::Cleanup: Closing open connection. [UNetConnection] RemoteAddr: 127.0.0.1:56976, Name: IpConnection_3, Driver: GameNetDriver IpNetDriver_2, IsServer: YES, PC: PlayerController_1, Owner: PlayerController_1, UniqueId: NULL:DESKTOP-R124MSG-473A34834794F5234B6C3D8AE306A3E8
[2020.04.11-12.18.47:148][657]LogNet: UNetConnection::Close: [UNetConnection] RemoteAddr: 127.0.0.1:56976, Name: IpConnection_3, Driver: GameNetDriver IpNetDriver_2, IsServer: YES, PC: PlayerController_1, Owner: PlayerController_1, UniqueId: NULL:DESKTOP-R124MSG-473A34834794F5234B6C3D8AE306A3E8, Channels: 12, Time: 2020.04.11-12.18.47
[2020.04.11-12.18.47:148][657]LogNet: UChannel::Close: Sending CloseBunch. ChIndex == 0. Name: [UChannel] ChIndex: 0, Closing: 0 [UNetConnection] RemoteAddr: 127.0.0.1:56976, Name: IpConnection_3, Driver: GameNetDriver IpNetDriver_2, IsServer: YES, PC: PlayerController_1, Owner: PlayerController_1, UniqueId: NULL:DESKTOP-R124MSG-473A34834794F5234B6C3D8AE306A3E8
[2020.04.11-12.18.47:148][657]LogExit: GameNetDriver IpNetDriver_2 shut down
[2020.04.11-12.18.47:149][657]LogPlayLevel: Display: Shutting down PIE online subsystems
[2020.04.11-12.18.47:149][657]LogBlueprintUserMessages: Late EndPlayMap Detection: Level '/Game/ThirdPersonBP/Maps/ThirdPersonExampleMap.ThirdPersonExampleMap:PersistentLevel' has LevelScriptBlueprint '/Game/ThirdPersonBP/Maps/ThirdPersonExampleMap.ThirdPersonExampleMap:PersistentLevel.ThirdPersonExampleMap' with GeneratedClass '/Game/ThirdPersonBP/Maps/ThirdPersonExampleMap.ThirdPersonExampleMap_C' with ClassGeneratedBy '/Game/ThirdPersonBP/Maps/ThirdPersonExampleMap.ThirdPersonExampleMap:PersistentLevel.ThirdPersonExampleMap'
[2020.04.11-12.18.47:152][657]LogSlate: InvalidateAllWidgets triggered.  All widgets were invalidated
[2020.04.11-12.18.47:174][657]LogAudioMixer: Display: No commands were queued while flushing the source manager.
[2020.04.11-12.18.47:176][657]LogSlate: Updating window title bar state: overlay mode, drag disabled, window buttons hidden, title bar hidden
[2020.04.11-12.18.47:179][657]LogUObjectHash: Compacting FUObjectHashTables data took   1.20ms
[2020.04.11-12.18.47:190][658]LogPlayLevel: Display: Destroying online subsystem :Context_5
[2020.04.11-12.18.47:190][658]LogPlayLevel: Display: Destroying online subsystem :Context_4
